<?xml version="1.0" encoding="UTF-8"?><testsuites failures="9" name="dependency-check" tests="1623">
  <testsuite failures="0" errors="0" time="0" id="0" name="/home/samomik/Projects-WSL/vulnerable-app-node-js-express/package-lock.json?@babel/types:7.28.2/@babel/helper-string-parser:^7.27.1" package="@babel/helper-string-parser:7.27.1" skipped="0" tests="1" timestamp="2025-09-03T13:41:22.640212998">
    <testcase classname="dependency-check" name="@babel/helper-string-parser:7.27.1"/>
  </testsuite>
  <testsuite failures="0" errors="0" time="0" id="1" name="/home/samomik/Projects-WSL/vulnerable-app-node-js-express/package-lock.json?@babel/types:7.28.2/@babel/helper-validator-identifier:^7.27.1" package="@babel/helper-validator-identifier:7.27.1" skipped="0" tests="1" timestamp="2025-09-03T13:41:22.640212998">
    <testcase classname="dependency-check" name="@babel/helper-validator-identifier:7.27.1"/>
  </testsuite>
  <testsuite failures="0" errors="0" time="0" id="2" name="/home/samomik/Projects-WSL/vulnerable-app-node-js-express/package-lock.json?with:7.0.2/@babel/parser:^7.9.6" package="@babel/parser:7.28.3" skipped="0" tests="1" timestamp="2025-09-03T13:41:22.640212998">
    <testcase classname="dependency-check" name="@babel/parser:7.28.3"/>
  </testsuite>
  <testsuite failures="0" errors="0" time="0" id="3" name="/home/samomik/Projects-WSL/vulnerable-app-node-js-express/package-lock.json?with:7.0.2/@babel/types:^7.9.6" package="@babel/types:7.28.2" skipped="0" tests="1" timestamp="2025-09-03T13:41:22.640212998">
    <testcase classname="dependency-check" name="@babel/types:7.28.2"/>
  </testsuite>
  <testsuite failures="0" errors="0" time="0" id="4" name="/home/samomik/Projects-WSL/vulnerable-app-node-js-express/node_modules/lodash/fp/F.js" package="F.js" skipped="0" tests="1" timestamp="2025-09-03T13:41:22.640212998">
    <testcase classname="dependency-check" name="F.js"/>
  </testsuite>
  <testsuite failures="0" errors="0" time="0" id="5" name="/home/samomik/Projects-WSL/vulnerable-app-node-js-express/node_modules/get-intrinsic/test/GetIntrinsic.js" package="GetIntrinsic.js" skipped="0" tests="1" timestamp="2025-09-03T13:41:22.640212998">
    <testcase classname="dependency-check" name="GetIntrinsic.js"/>
  </testsuite>
  <testsuite failures="0" errors="0" time="0" id="6" name="/home/samomik/Projects-WSL/vulnerable-app-node-js-express/node_modules/get-proto/Object.getPrototypeOf.js" package="Object.getPrototypeOf.js" skipped="0" tests="1" timestamp="2025-09-03T13:41:22.640212998">
    <testcase classname="dependency-check" name="Object.getPrototypeOf.js"/>
  </testsuite>
  <testsuite failures="0" errors="0" time="0" id="7" name="/home/samomik/Projects-WSL/vulnerable-app-node-js-express/node_modules/get-proto/Reflect.getPrototypeOf.js" package="Reflect.getPrototypeOf.js" skipped="0" tests="1" timestamp="2025-09-03T13:41:22.640212998">
    <testcase classname="dependency-check" name="Reflect.getPrototypeOf.js"/>
  </testsuite>
  <testsuite failures="0" errors="0" time="0" id="8" name="/home/samomik/Projects-WSL/vulnerable-app-node-js-express/node_modules/es-object-atoms/RequireObjectCoercible.js" package="RequireObjectCoercible.js" skipped="0" tests="1" timestamp="2025-09-03T13:41:22.640212998">
    <testcase classname="dependency-check" name="RequireObjectCoercible.js"/>
  </testsuite>
  <testsuite failures="0" errors="0" time="0" id="9" name="/home/samomik/Projects-WSL/vulnerable-app-node-js-express/node_modules/lodash/fp/T.js" package="T.js" skipped="0" tests="1" timestamp="2025-09-03T13:41:22.640212998">
    <testcase classname="dependency-check" name="T.js"/>
  </testsuite>
  <testsuite failures="0" errors="0" time="0" id="10" name="/home/samomik/Projects-WSL/vulnerable-app-node-js-express/node_modules/es-object-atoms/ToObject.js" package="ToObject.js" skipped="0" tests="1" timestamp="2025-09-03T13:41:22.640212998">
    <testcase classname="dependency-check" name="ToObject.js"/>
  </testsuite>
  <testsuite failures="0" errors="0" time="0" id="11" name="/home/samomik/Projects-WSL/vulnerable-app-node-js-express/node_modules/lodash/_DataView.js" package="_DataView.js" skipped="0" tests="1" timestamp="2025-09-03T13:41:22.640212998">
    <testcase classname="dependency-check" name="_DataView.js"/>
  </testsuite>
  <testsuite failures="0" errors="0" time="0" id="12" name="/home/samomik/Projects-WSL/vulnerable-app-node-js-express/node_modules/lodash/_Hash.js" package="_Hash.js" skipped="0" tests="1" timestamp="2025-09-03T13:41:22.640212998">
    <testcase classname="dependency-check" name="_Hash.js"/>
  </testsuite>
  <testsuite failures="0" errors="0" time="0" id="13" name="/home/samomik/Projects-WSL/vulnerable-app-node-js-express/node_modules/lodash/_LazyWrapper.js" package="_LazyWrapper.js" skipped="0" tests="1" timestamp="2025-09-03T13:41:22.640212998">
    <testcase classname="dependency-check" name="_LazyWrapper.js"/>
  </testsuite>
  <testsuite failures="0" errors="0" time="0" id="14" name="/home/samomik/Projects-WSL/vulnerable-app-node-js-express/node_modules/lodash/_ListCache.js" package="_ListCache.js" skipped="0" tests="1" timestamp="2025-09-03T13:41:22.640212998">
    <testcase classname="dependency-check" name="_ListCache.js"/>
  </testsuite>
  <testsuite failures="0" errors="0" time="0" id="15" name="/home/samomik/Projects-WSL/vulnerable-app-node-js-express/node_modules/lodash/_LodashWrapper.js" package="_LodashWrapper.js" skipped="0" tests="1" timestamp="2025-09-03T13:41:22.640212998">
    <testcase classname="dependency-check" name="_LodashWrapper.js"/>
  </testsuite>
  <testsuite failures="0" errors="0" time="0" id="16" name="/home/samomik/Projects-WSL/vulnerable-app-node-js-express/node_modules/lodash/_Map.js" package="_Map.js" skipped="0" tests="1" timestamp="2025-09-03T13:41:22.640212998">
    <testcase classname="dependency-check" name="_Map.js"/>
  </testsuite>
  <testsuite failures="0" errors="0" time="0" id="17" name="/home/samomik/Projects-WSL/vulnerable-app-node-js-express/node_modules/lodash/_MapCache.js" package="_MapCache.js" skipped="0" tests="1" timestamp="2025-09-03T13:41:22.640212998">
    <testcase classname="dependency-check" name="_MapCache.js"/>
  </testsuite>
  <testsuite failures="0" errors="0" time="0" id="18" name="/home/samomik/Projects-WSL/vulnerable-app-node-js-express/node_modules/lodash/_Promise.js" package="_Promise.js" skipped="0" tests="1" timestamp="2025-09-03T13:41:22.640212998">
    <testcase classname="dependency-check" name="_Promise.js"/>
  </testsuite>
  <testsuite failures="0" errors="0" time="0" id="19" name="/home/samomik/Projects-WSL/vulnerable-app-node-js-express/node_modules/lodash/_Set.js" package="_Set.js" skipped="0" tests="1" timestamp="2025-09-03T13:41:22.640212998">
    <testcase classname="dependency-check" name="_Set.js"/>
  </testsuite>
  <testsuite failures="0" errors="0" time="0" id="20" name="/home/samomik/Projects-WSL/vulnerable-app-node-js-express/node_modules/lodash/_SetCache.js" package="_SetCache.js" skipped="0" tests="1" timestamp="2025-09-03T13:41:22.640212998">
    <testcase classname="dependency-check" name="_SetCache.js"/>
  </testsuite>
  <testsuite failures="0" errors="0" time="0" id="21" name="/home/samomik/Projects-WSL/vulnerable-app-node-js-express/node_modules/lodash/_Stack.js" package="_Stack.js" skipped="0" tests="1" timestamp="2025-09-03T13:41:22.640212998">
    <testcase classname="dependency-check" name="_Stack.js"/>
  </testsuite>
  <testsuite failures="0" errors="0" time="0" id="22" name="/home/samomik/Projects-WSL/vulnerable-app-node-js-express/node_modules/lodash/_Symbol.js" package="_Symbol.js" skipped="0" tests="1" timestamp="2025-09-03T13:41:22.640212998">
    <testcase classname="dependency-check" name="_Symbol.js"/>
  </testsuite>
  <testsuite failures="0" errors="0" time="0" id="23" name="/home/samomik/Projects-WSL/vulnerable-app-node-js-express/node_modules/lodash/_Uint8Array.js" package="_Uint8Array.js" skipped="0" tests="1" timestamp="2025-09-03T13:41:22.640212998">
    <testcase classname="dependency-check" name="_Uint8Array.js"/>
  </testsuite>
  <testsuite failures="0" errors="0" time="0" id="24" name="/home/samomik/Projects-WSL/vulnerable-app-node-js-express/node_modules/lodash/_WeakMap.js" package="_WeakMap.js" skipped="0" tests="1" timestamp="2025-09-03T13:41:22.640212998">
    <testcase classname="dependency-check" name="_WeakMap.js"/>
  </testsuite>
  <testsuite failures="0" errors="0" time="0" id="25" name="/home/samomik/Projects-WSL/vulnerable-app-node-js-express/node_modules/lodash/fp/__.js" package="__.js" skipped="0" tests="1" timestamp="2025-09-03T13:41:22.640212998">
    <testcase classname="dependency-check" name="__.js"/>
  </testsuite>
  <testsuite failures="0" errors="0" time="0" id="26" name="/home/samomik/Projects-WSL/vulnerable-app-node-js-express/node_modules/lodash/_apply.js" package="_apply.js" skipped="0" tests="1" timestamp="2025-09-03T13:41:22.640212998">
    <testcase classname="dependency-check" name="_apply.js"/>
  </testsuite>
  <testsuite failures="0" errors="0" time="0" id="27" name="/home/samomik/Projects-WSL/vulnerable-app-node-js-express/node_modules/lodash/_arrayAggregator.js" package="_arrayAggregator.js" skipped="0" tests="1" timestamp="2025-09-03T13:41:22.640212998">
    <testcase classname="dependency-check" name="_arrayAggregator.js"/>
  </testsuite>
  <testsuite failures="0" errors="0" time="0" id="28" name="/home/samomik/Projects-WSL/vulnerable-app-node-js-express/node_modules/lodash/_arrayEach.js" package="_arrayEach.js" skipped="0" tests="1" timestamp="2025-09-03T13:41:22.640212998">
    <testcase classname="dependency-check" name="_arrayEach.js"/>
  </testsuite>
  <testsuite failures="0" errors="0" time="0" id="29" name="/home/samomik/Projects-WSL/vulnerable-app-node-js-express/node_modules/lodash/_arrayEachRight.js" package="_arrayEachRight.js" skipped="0" tests="1" timestamp="2025-09-03T13:41:22.640212998">
    <testcase classname="dependency-check" name="_arrayEachRight.js"/>
  </testsuite>
  <testsuite failures="0" errors="0" time="0" id="30" name="/home/samomik/Projects-WSL/vulnerable-app-node-js-express/node_modules/lodash/_arrayEvery.js" package="_arrayEvery.js" skipped="0" tests="1" timestamp="2025-09-03T13:41:22.640212998">
    <testcase classname="dependency-check" name="_arrayEvery.js"/>
  </testsuite>
  <testsuite failures="0" errors="0" time="0" id="31" name="/home/samomik/Projects-WSL/vulnerable-app-node-js-express/node_modules/lodash/_arrayFilter.js" package="_arrayFilter.js" skipped="0" tests="1" timestamp="2025-09-03T13:41:22.640212998">
    <testcase classname="dependency-check" name="_arrayFilter.js"/>
  </testsuite>
  <testsuite failures="0" errors="0" time="0" id="32" name="/home/samomik/Projects-WSL/vulnerable-app-node-js-express/node_modules/lodash/_arrayIncludes.js" package="_arrayIncludes.js" skipped="0" tests="1" timestamp="2025-09-03T13:41:22.640212998">
    <testcase classname="dependency-check" name="_arrayIncludes.js"/>
  </testsuite>
  <testsuite failures="0" errors="0" time="0" id="33" name="/home/samomik/Projects-WSL/vulnerable-app-node-js-express/node_modules/lodash/_arrayIncludesWith.js" package="_arrayIncludesWith.js" skipped="0" tests="1" timestamp="2025-09-03T13:41:22.640212998">
    <testcase classname="dependency-check" name="_arrayIncludesWith.js"/>
  </testsuite>
  <testsuite failures="0" errors="0" time="0" id="34" name="/home/samomik/Projects-WSL/vulnerable-app-node-js-express/node_modules/lodash/_arrayLikeKeys.js" package="_arrayLikeKeys.js" skipped="0" tests="1" timestamp="2025-09-03T13:41:22.640212998">
    <testcase classname="dependency-check" name="_arrayLikeKeys.js"/>
  </testsuite>
  <testsuite failures="0" errors="0" time="0" id="35" name="/home/samomik/Projects-WSL/vulnerable-app-node-js-express/node_modules/lodash/_arrayMap.js" package="_arrayMap.js" skipped="0" tests="1" timestamp="2025-09-03T13:41:22.640212998">
    <testcase classname="dependency-check" name="_arrayMap.js"/>
  </testsuite>
  <testsuite failures="0" errors="0" time="0" id="36" name="/home/samomik/Projects-WSL/vulnerable-app-node-js-express/node_modules/lodash/_arrayPush.js" package="_arrayPush.js" skipped="0" tests="1" timestamp="2025-09-03T13:41:22.640212998">
    <testcase classname="dependency-check" name="_arrayPush.js"/>
  </testsuite>
  <testsuite failures="0" errors="0" time="0" id="37" name="/home/samomik/Projects-WSL/vulnerable-app-node-js-express/node_modules/lodash/_arrayReduce.js" package="_arrayReduce.js" skipped="0" tests="1" timestamp="2025-09-03T13:41:22.640212998">
    <testcase classname="dependency-check" name="_arrayReduce.js"/>
  </testsuite>
  <testsuite failures="0" errors="0" time="0" id="38" name="/home/samomik/Projects-WSL/vulnerable-app-node-js-express/node_modules/lodash/_arrayReduceRight.js" package="_arrayReduceRight.js" skipped="0" tests="1" timestamp="2025-09-03T13:41:22.640212998">
    <testcase classname="dependency-check" name="_arrayReduceRight.js"/>
  </testsuite>
  <testsuite failures="0" errors="0" time="0" id="39" name="/home/samomik/Projects-WSL/vulnerable-app-node-js-express/node_modules/lodash/_arraySample.js" package="_arraySample.js" skipped="0" tests="1" timestamp="2025-09-03T13:41:22.640212998">
    <testcase classname="dependency-check" name="_arraySample.js"/>
  </testsuite>
  <testsuite failures="0" errors="0" time="0" id="40" name="/home/samomik/Projects-WSL/vulnerable-app-node-js-express/node_modules/lodash/_arraySampleSize.js" package="_arraySampleSize.js" skipped="0" tests="1" timestamp="2025-09-03T13:41:22.640212998">
    <testcase classname="dependency-check" name="_arraySampleSize.js"/>
  </testsuite>
  <testsuite failures="0" errors="0" time="0" id="41" name="/home/samomik/Projects-WSL/vulnerable-app-node-js-express/node_modules/lodash/_arrayShuffle.js" package="_arrayShuffle.js" skipped="0" tests="1" timestamp="2025-09-03T13:41:22.640212998">
    <testcase classname="dependency-check" name="_arrayShuffle.js"/>
  </testsuite>
  <testsuite failures="0" errors="0" time="0" id="42" name="/home/samomik/Projects-WSL/vulnerable-app-node-js-express/node_modules/lodash/_arraySome.js" package="_arraySome.js" skipped="0" tests="1" timestamp="2025-09-03T13:41:22.640212998">
    <testcase classname="dependency-check" name="_arraySome.js"/>
  </testsuite>
  <testsuite failures="0" errors="0" time="0" id="43" name="/home/samomik/Projects-WSL/vulnerable-app-node-js-express/node_modules/lodash/_asciiSize.js" package="_asciiSize.js" skipped="0" tests="1" timestamp="2025-09-03T13:41:22.640212998">
    <testcase classname="dependency-check" name="_asciiSize.js"/>
  </testsuite>
  <testsuite failures="0" errors="0" time="0" id="44" name="/home/samomik/Projects-WSL/vulnerable-app-node-js-express/node_modules/lodash/_asciiToArray.js" package="_asciiToArray.js" skipped="0" tests="1" timestamp="2025-09-03T13:41:22.640212998">
    <testcase classname="dependency-check" name="_asciiToArray.js"/>
  </testsuite>
  <testsuite failures="0" errors="0" time="0" id="45" name="/home/samomik/Projects-WSL/vulnerable-app-node-js-express/node_modules/lodash/_asciiWords.js" package="_asciiWords.js" skipped="0" tests="1" timestamp="2025-09-03T13:41:22.640212998">
    <testcase classname="dependency-check" name="_asciiWords.js"/>
  </testsuite>
  <testsuite failures="0" errors="0" time="0" id="46" name="/home/samomik/Projects-WSL/vulnerable-app-node-js-express/node_modules/lodash/_assignMergeValue.js" package="_assignMergeValue.js" skipped="0" tests="1" timestamp="2025-09-03T13:41:22.640212998">
    <testcase classname="dependency-check" name="_assignMergeValue.js"/>
  </testsuite>
  <testsuite failures="0" errors="0" time="0" id="47" name="/home/samomik/Projects-WSL/vulnerable-app-node-js-express/node_modules/lodash/_assignValue.js" package="_assignValue.js" skipped="0" tests="1" timestamp="2025-09-03T13:41:22.640212998">
    <testcase classname="dependency-check" name="_assignValue.js"/>
  </testsuite>
  <testsuite failures="0" errors="0" time="0" id="48" name="/home/samomik/Projects-WSL/vulnerable-app-node-js-express/node_modules/lodash/_assocIndexOf.js" package="_assocIndexOf.js" skipped="0" tests="1" timestamp="2025-09-03T13:41:22.640212998">
    <testcase classname="dependency-check" name="_assocIndexOf.js"/>
  </testsuite>
  <testsuite failures="0" errors="0" time="0" id="49" name="/home/samomik/Projects-WSL/vulnerable-app-node-js-express/node_modules/lodash/_baseAggregator.js" package="_baseAggregator.js" skipped="0" tests="1" timestamp="2025-09-03T13:41:22.640212998">
    <testcase classname="dependency-check" name="_baseAggregator.js"/>
  </testsuite>
  <testsuite failures="0" errors="0" time="0" id="50" name="/home/samomik/Projects-WSL/vulnerable-app-node-js-express/node_modules/lodash/_baseAssign.js" package="_baseAssign.js" skipped="0" tests="1" timestamp="2025-09-03T13:41:22.640212998">
    <testcase classname="dependency-check" name="_baseAssign.js"/>
  </testsuite>
  <testsuite failures="0" errors="0" time="0" id="51" name="/home/samomik/Projects-WSL/vulnerable-app-node-js-express/node_modules/lodash/_baseAssignIn.js" package="_baseAssignIn.js" skipped="0" tests="1" timestamp="2025-09-03T13:41:22.640212998">
    <testcase classname="dependency-check" name="_baseAssignIn.js"/>
  </testsuite>
  <testsuite failures="0" errors="0" time="0" id="52" name="/home/samomik/Projects-WSL/vulnerable-app-node-js-express/node_modules/lodash/_baseAssignValue.js" package="_baseAssignValue.js" skipped="0" tests="1" timestamp="2025-09-03T13:41:22.640212998">
    <testcase classname="dependency-check" name="_baseAssignValue.js"/>
  </testsuite>
  <testsuite failures="0" errors="0" time="0" id="53" name="/home/samomik/Projects-WSL/vulnerable-app-node-js-express/node_modules/lodash/_baseAt.js" package="_baseAt.js" skipped="0" tests="1" timestamp="2025-09-03T13:41:22.640212998">
    <testcase classname="dependency-check" name="_baseAt.js"/>
  </testsuite>
  <testsuite failures="0" errors="0" time="0" id="54" name="/home/samomik/Projects-WSL/vulnerable-app-node-js-express/node_modules/lodash/_baseClamp.js" package="_baseClamp.js" skipped="0" tests="1" timestamp="2025-09-03T13:41:22.640212998">
    <testcase classname="dependency-check" name="_baseClamp.js"/>
  </testsuite>
  <testsuite failures="0" errors="0" time="0" id="55" name="/home/samomik/Projects-WSL/vulnerable-app-node-js-express/node_modules/lodash/_baseClone.js" package="_baseClone.js" skipped="0" tests="1" timestamp="2025-09-03T13:41:22.640212998">
    <testcase classname="dependency-check" name="_baseClone.js"/>
  </testsuite>
  <testsuite failures="0" errors="0" time="0" id="56" name="/home/samomik/Projects-WSL/vulnerable-app-node-js-express/node_modules/lodash/_baseConforms.js" package="_baseConforms.js" skipped="0" tests="1" timestamp="2025-09-03T13:41:22.640212998">
    <testcase classname="dependency-check" name="_baseConforms.js"/>
  </testsuite>
  <testsuite failures="0" errors="0" time="0" id="57" name="/home/samomik/Projects-WSL/vulnerable-app-node-js-express/node_modules/lodash/_baseConformsTo.js" package="_baseConformsTo.js" skipped="0" tests="1" timestamp="2025-09-03T13:41:22.640212998">
    <testcase classname="dependency-check" name="_baseConformsTo.js"/>
  </testsuite>
  <testsuite failures="0" errors="0" time="0" id="58" name="/home/samomik/Projects-WSL/vulnerable-app-node-js-express/node_modules/lodash/fp/_baseConvert.js" package="_baseConvert.js" skipped="0" tests="1" timestamp="2025-09-03T13:41:22.640212998">
    <testcase classname="dependency-check" name="_baseConvert.js"/>
  </testsuite>
  <testsuite failures="0" errors="0" time="0" id="59" name="/home/samomik/Projects-WSL/vulnerable-app-node-js-express/node_modules/lodash/_baseCreate.js" package="_baseCreate.js" skipped="0" tests="1" timestamp="2025-09-03T13:41:22.640212998">
    <testcase classname="dependency-check" name="_baseCreate.js"/>
  </testsuite>
  <testsuite failures="0" errors="0" time="0" id="60" name="/home/samomik/Projects-WSL/vulnerable-app-node-js-express/node_modules/lodash/_baseDelay.js" package="_baseDelay.js" skipped="0" tests="1" timestamp="2025-09-03T13:41:22.640212998">
    <testcase classname="dependency-check" name="_baseDelay.js"/>
  </testsuite>
  <testsuite failures="0" errors="0" time="0" id="61" name="/home/samomik/Projects-WSL/vulnerable-app-node-js-express/node_modules/lodash/_baseDifference.js" package="_baseDifference.js" skipped="0" tests="1" timestamp="2025-09-03T13:41:22.640212998">
    <testcase classname="dependency-check" name="_baseDifference.js"/>
  </testsuite>
  <testsuite failures="0" errors="0" time="0" id="62" name="/home/samomik/Projects-WSL/vulnerable-app-node-js-express/node_modules/lodash/_baseEach.js" package="_baseEach.js" skipped="0" tests="1" timestamp="2025-09-03T13:41:22.640212998">
    <testcase classname="dependency-check" name="_baseEach.js"/>
  </testsuite>
  <testsuite failures="0" errors="0" time="0" id="63" name="/home/samomik/Projects-WSL/vulnerable-app-node-js-express/node_modules/lodash/_baseEachRight.js" package="_baseEachRight.js" skipped="0" tests="1" timestamp="2025-09-03T13:41:22.640212998">
    <testcase classname="dependency-check" name="_baseEachRight.js"/>
  </testsuite>
  <testsuite failures="0" errors="0" time="0" id="64" name="/home/samomik/Projects-WSL/vulnerable-app-node-js-express/node_modules/lodash/_baseEvery.js" package="_baseEvery.js" skipped="0" tests="1" timestamp="2025-09-03T13:41:22.640212998">
    <testcase classname="dependency-check" name="_baseEvery.js"/>
  </testsuite>
  <testsuite failures="0" errors="0" time="0" id="65" name="/home/samomik/Projects-WSL/vulnerable-app-node-js-express/node_modules/lodash/_baseExtremum.js" package="_baseExtremum.js" skipped="0" tests="1" timestamp="2025-09-03T13:41:22.640212998">
    <testcase classname="dependency-check" name="_baseExtremum.js"/>
  </testsuite>
  <testsuite failures="0" errors="0" time="0" id="66" name="/home/samomik/Projects-WSL/vulnerable-app-node-js-express/node_modules/lodash/_baseFill.js" package="_baseFill.js" skipped="0" tests="1" timestamp="2025-09-03T13:41:22.640212998">
    <testcase classname="dependency-check" name="_baseFill.js"/>
  </testsuite>
  <testsuite failures="0" errors="0" time="0" id="67" name="/home/samomik/Projects-WSL/vulnerable-app-node-js-express/node_modules/lodash/_baseFilter.js" package="_baseFilter.js" skipped="0" tests="1" timestamp="2025-09-03T13:41:22.640212998">
    <testcase classname="dependency-check" name="_baseFilter.js"/>
  </testsuite>
  <testsuite failures="0" errors="0" time="0" id="68" name="/home/samomik/Projects-WSL/vulnerable-app-node-js-express/node_modules/lodash/_baseFindIndex.js" package="_baseFindIndex.js" skipped="0" tests="1" timestamp="2025-09-03T13:41:22.640212998">
    <testcase classname="dependency-check" name="_baseFindIndex.js"/>
  </testsuite>
  <testsuite failures="0" errors="0" time="0" id="69" name="/home/samomik/Projects-WSL/vulnerable-app-node-js-express/node_modules/lodash/_baseFindKey.js" package="_baseFindKey.js" skipped="0" tests="1" timestamp="2025-09-03T13:41:22.640212998">
    <testcase classname="dependency-check" name="_baseFindKey.js"/>
  </testsuite>
  <testsuite failures="0" errors="0" time="0" id="70" name="/home/samomik/Projects-WSL/vulnerable-app-node-js-express/node_modules/lodash/_baseFlatten.js" package="_baseFlatten.js" skipped="0" tests="1" timestamp="2025-09-03T13:41:22.640212998">
    <testcase classname="dependency-check" name="_baseFlatten.js"/>
  </testsuite>
  <testsuite failures="0" errors="0" time="0" id="71" name="/home/samomik/Projects-WSL/vulnerable-app-node-js-express/node_modules/lodash/_baseFor.js" package="_baseFor.js" skipped="0" tests="1" timestamp="2025-09-03T13:41:22.640212998">
    <testcase classname="dependency-check" name="_baseFor.js"/>
  </testsuite>
  <testsuite failures="0" errors="0" time="0" id="72" name="/home/samomik/Projects-WSL/vulnerable-app-node-js-express/node_modules/lodash/_baseForOwn.js" package="_baseForOwn.js" skipped="0" tests="1" timestamp="2025-09-03T13:41:22.640212998">
    <testcase classname="dependency-check" name="_baseForOwn.js"/>
  </testsuite>
  <testsuite failures="0" errors="0" time="0" id="73" name="/home/samomik/Projects-WSL/vulnerable-app-node-js-express/node_modules/lodash/_baseForOwnRight.js" package="_baseForOwnRight.js" skipped="0" tests="1" timestamp="2025-09-03T13:41:22.640212998">
    <testcase classname="dependency-check" name="_baseForOwnRight.js"/>
  </testsuite>
  <testsuite failures="0" errors="0" time="0" id="74" name="/home/samomik/Projects-WSL/vulnerable-app-node-js-express/node_modules/lodash/_baseForRight.js" package="_baseForRight.js" skipped="0" tests="1" timestamp="2025-09-03T13:41:22.640212998">
    <testcase classname="dependency-check" name="_baseForRight.js"/>
  </testsuite>
  <testsuite failures="0" errors="0" time="0" id="75" name="/home/samomik/Projects-WSL/vulnerable-app-node-js-express/node_modules/lodash/_baseFunctions.js" package="_baseFunctions.js" skipped="0" tests="1" timestamp="2025-09-03T13:41:22.640212998">
    <testcase classname="dependency-check" name="_baseFunctions.js"/>
  </testsuite>
  <testsuite failures="0" errors="0" time="0" id="76" name="/home/samomik/Projects-WSL/vulnerable-app-node-js-express/node_modules/lodash/_baseGet.js" package="_baseGet.js" skipped="0" tests="1" timestamp="2025-09-03T13:41:22.640212998">
    <testcase classname="dependency-check" name="_baseGet.js"/>
  </testsuite>
  <testsuite failures="0" errors="0" time="0" id="77" name="/home/samomik/Projects-WSL/vulnerable-app-node-js-express/node_modules/lodash/_baseGetAllKeys.js" package="_baseGetAllKeys.js" skipped="0" tests="1" timestamp="2025-09-03T13:41:22.640212998">
    <testcase classname="dependency-check" name="_baseGetAllKeys.js"/>
  </testsuite>
  <testsuite failures="0" errors="0" time="0" id="78" name="/home/samomik/Projects-WSL/vulnerable-app-node-js-express/node_modules/lodash/_baseGetTag.js" package="_baseGetTag.js" skipped="0" tests="1" timestamp="2025-09-03T13:41:22.640212998">
    <testcase classname="dependency-check" name="_baseGetTag.js"/>
  </testsuite>
  <testsuite failures="0" errors="0" time="0" id="79" name="/home/samomik/Projects-WSL/vulnerable-app-node-js-express/node_modules/lodash/_baseGt.js" package="_baseGt.js" skipped="0" tests="1" timestamp="2025-09-03T13:41:22.640212998">
    <testcase classname="dependency-check" name="_baseGt.js"/>
  </testsuite>
  <testsuite failures="0" errors="0" time="0" id="80" name="/home/samomik/Projects-WSL/vulnerable-app-node-js-express/node_modules/lodash/_baseHas.js" package="_baseHas.js" skipped="0" tests="1" timestamp="2025-09-03T13:41:22.640212998">
    <testcase classname="dependency-check" name="_baseHas.js"/>
  </testsuite>
  <testsuite failures="0" errors="0" time="0" id="81" name="/home/samomik/Projects-WSL/vulnerable-app-node-js-express/node_modules/lodash/_baseHasIn.js" package="_baseHasIn.js" skipped="0" tests="1" timestamp="2025-09-03T13:41:22.640212998">
    <testcase classname="dependency-check" name="_baseHasIn.js"/>
  </testsuite>
  <testsuite failures="0" errors="0" time="0" id="82" name="/home/samomik/Projects-WSL/vulnerable-app-node-js-express/node_modules/lodash/_baseInRange.js" package="_baseInRange.js" skipped="0" tests="1" timestamp="2025-09-03T13:41:22.640212998">
    <testcase classname="dependency-check" name="_baseInRange.js"/>
  </testsuite>
  <testsuite failures="0" errors="0" time="0" id="83" name="/home/samomik/Projects-WSL/vulnerable-app-node-js-express/node_modules/lodash/_baseIndexOf.js" package="_baseIndexOf.js" skipped="0" tests="1" timestamp="2025-09-03T13:41:22.640212998">
    <testcase classname="dependency-check" name="_baseIndexOf.js"/>
  </testsuite>
  <testsuite failures="0" errors="0" time="0" id="84" name="/home/samomik/Projects-WSL/vulnerable-app-node-js-express/node_modules/lodash/_baseIndexOfWith.js" package="_baseIndexOfWith.js" skipped="0" tests="1" timestamp="2025-09-03T13:41:22.640212998">
    <testcase classname="dependency-check" name="_baseIndexOfWith.js"/>
  </testsuite>
  <testsuite failures="0" errors="0" time="0" id="85" name="/home/samomik/Projects-WSL/vulnerable-app-node-js-express/node_modules/lodash/_baseIntersection.js" package="_baseIntersection.js" skipped="0" tests="1" timestamp="2025-09-03T13:41:22.640212998">
    <testcase classname="dependency-check" name="_baseIntersection.js"/>
  </testsuite>
  <testsuite failures="0" errors="0" time="0" id="86" name="/home/samomik/Projects-WSL/vulnerable-app-node-js-express/node_modules/lodash/_baseInverter.js" package="_baseInverter.js" skipped="0" tests="1" timestamp="2025-09-03T13:41:22.640212998">
    <testcase classname="dependency-check" name="_baseInverter.js"/>
  </testsuite>
  <testsuite failures="0" errors="0" time="0" id="87" name="/home/samomik/Projects-WSL/vulnerable-app-node-js-express/node_modules/lodash/_baseInvoke.js" package="_baseInvoke.js" skipped="0" tests="1" timestamp="2025-09-03T13:41:22.640212998">
    <testcase classname="dependency-check" name="_baseInvoke.js"/>
  </testsuite>
  <testsuite failures="0" errors="0" time="0" id="88" name="/home/samomik/Projects-WSL/vulnerable-app-node-js-express/node_modules/lodash/_baseIsArguments.js" package="_baseIsArguments.js" skipped="0" tests="1" timestamp="2025-09-03T13:41:22.640212998">
    <testcase classname="dependency-check" name="_baseIsArguments.js"/>
  </testsuite>
  <testsuite failures="0" errors="0" time="0" id="89" name="/home/samomik/Projects-WSL/vulnerable-app-node-js-express/node_modules/lodash/_baseIsArrayBuffer.js" package="_baseIsArrayBuffer.js" skipped="0" tests="1" timestamp="2025-09-03T13:41:22.640212998">
    <testcase classname="dependency-check" name="_baseIsArrayBuffer.js"/>
  </testsuite>
  <testsuite failures="0" errors="0" time="0" id="90" name="/home/samomik/Projects-WSL/vulnerable-app-node-js-express/node_modules/lodash/_baseIsDate.js" package="_baseIsDate.js" skipped="0" tests="1" timestamp="2025-09-03T13:41:22.640212998">
    <testcase classname="dependency-check" name="_baseIsDate.js"/>
  </testsuite>
  <testsuite failures="0" errors="0" time="0" id="91" name="/home/samomik/Projects-WSL/vulnerable-app-node-js-express/node_modules/lodash/_baseIsEqual.js" package="_baseIsEqual.js" skipped="0" tests="1" timestamp="2025-09-03T13:41:22.640212998">
    <testcase classname="dependency-check" name="_baseIsEqual.js"/>
  </testsuite>
  <testsuite failures="0" errors="0" time="0" id="92" name="/home/samomik/Projects-WSL/vulnerable-app-node-js-express/node_modules/lodash/_baseIsEqualDeep.js" package="_baseIsEqualDeep.js" skipped="0" tests="1" timestamp="2025-09-03T13:41:22.640212998">
    <testcase classname="dependency-check" name="_baseIsEqualDeep.js"/>
  </testsuite>
  <testsuite failures="0" errors="0" time="0" id="93" name="/home/samomik/Projects-WSL/vulnerable-app-node-js-express/node_modules/lodash/_baseIsMap.js" package="_baseIsMap.js" skipped="0" tests="1" timestamp="2025-09-03T13:41:22.640212998">
    <testcase classname="dependency-check" name="_baseIsMap.js"/>
  </testsuite>
  <testsuite failures="0" errors="0" time="0" id="94" name="/home/samomik/Projects-WSL/vulnerable-app-node-js-express/node_modules/lodash/_baseIsMatch.js" package="_baseIsMatch.js" skipped="0" tests="1" timestamp="2025-09-03T13:41:22.640212998">
    <testcase classname="dependency-check" name="_baseIsMatch.js"/>
  </testsuite>
  <testsuite failures="0" errors="0" time="0" id="95" name="/home/samomik/Projects-WSL/vulnerable-app-node-js-express/node_modules/lodash/_baseIsNaN.js" package="_baseIsNaN.js" skipped="0" tests="1" timestamp="2025-09-03T13:41:22.640212998">
    <testcase classname="dependency-check" name="_baseIsNaN.js"/>
  </testsuite>
  <testsuite failures="0" errors="0" time="0" id="96" name="/home/samomik/Projects-WSL/vulnerable-app-node-js-express/node_modules/lodash/_baseIsNative.js" package="_baseIsNative.js" skipped="0" tests="1" timestamp="2025-09-03T13:41:22.640212998">
    <testcase classname="dependency-check" name="_baseIsNative.js"/>
  </testsuite>
  <testsuite failures="0" errors="0" time="0" id="97" name="/home/samomik/Projects-WSL/vulnerable-app-node-js-express/node_modules/lodash/_baseIsRegExp.js" package="_baseIsRegExp.js" skipped="0" tests="1" timestamp="2025-09-03T13:41:22.640212998">
    <testcase classname="dependency-check" name="_baseIsRegExp.js"/>
  </testsuite>
  <testsuite failures="0" errors="0" time="0" id="98" name="/home/samomik/Projects-WSL/vulnerable-app-node-js-express/node_modules/lodash/_baseIsSet.js" package="_baseIsSet.js" skipped="0" tests="1" timestamp="2025-09-03T13:41:22.640212998">
    <testcase classname="dependency-check" name="_baseIsSet.js"/>
  </testsuite>
  <testsuite failures="0" errors="0" time="0" id="99" name="/home/samomik/Projects-WSL/vulnerable-app-node-js-express/node_modules/lodash/_baseIsTypedArray.js" package="_baseIsTypedArray.js" skipped="0" tests="1" timestamp="2025-09-03T13:41:22.640212998">
    <testcase classname="dependency-check" name="_baseIsTypedArray.js"/>
  </testsuite>
  <testsuite failures="0" errors="0" time="0" id="100" name="/home/samomik/Projects-WSL/vulnerable-app-node-js-express/node_modules/lodash/_baseIteratee.js" package="_baseIteratee.js" skipped="0" tests="1" timestamp="2025-09-03T13:41:22.640212998">
    <testcase classname="dependency-check" name="_baseIteratee.js"/>
  </testsuite>
  <testsuite failures="0" errors="0" time="0" id="101" name="/home/samomik/Projects-WSL/vulnerable-app-node-js-express/node_modules/lodash/_baseKeys.js" package="_baseKeys.js" skipped="0" tests="1" timestamp="2025-09-03T13:41:22.640212998">
    <testcase classname="dependency-check" name="_baseKeys.js"/>
  </testsuite>
  <testsuite failures="0" errors="0" time="0" id="102" name="/home/samomik/Projects-WSL/vulnerable-app-node-js-express/node_modules/lodash/_baseKeysIn.js" package="_baseKeysIn.js" skipped="0" tests="1" timestamp="2025-09-03T13:41:22.640212998">
    <testcase classname="dependency-check" name="_baseKeysIn.js"/>
  </testsuite>
  <testsuite failures="0" errors="0" time="0" id="103" name="/home/samomik/Projects-WSL/vulnerable-app-node-js-express/node_modules/lodash/_baseLodash.js" package="_baseLodash.js" skipped="0" tests="1" timestamp="2025-09-03T13:41:22.640212998">
    <testcase classname="dependency-check" name="_baseLodash.js"/>
  </testsuite>
  <testsuite failures="0" errors="0" time="0" id="104" name="/home/samomik/Projects-WSL/vulnerable-app-node-js-express/node_modules/lodash/_baseLt.js" package="_baseLt.js" skipped="0" tests="1" timestamp="2025-09-03T13:41:22.640212998">
    <testcase classname="dependency-check" name="_baseLt.js"/>
  </testsuite>
  <testsuite failures="0" errors="0" time="0" id="105" name="/home/samomik/Projects-WSL/vulnerable-app-node-js-express/node_modules/lodash/_baseMap.js" package="_baseMap.js" skipped="0" tests="1" timestamp="2025-09-03T13:41:22.640212998">
    <testcase classname="dependency-check" name="_baseMap.js"/>
  </testsuite>
  <testsuite failures="0" errors="0" time="0" id="106" name="/home/samomik/Projects-WSL/vulnerable-app-node-js-express/node_modules/lodash/_baseMatches.js" package="_baseMatches.js" skipped="0" tests="1" timestamp="2025-09-03T13:41:22.640212998">
    <testcase classname="dependency-check" name="_baseMatches.js"/>
  </testsuite>
  <testsuite failures="0" errors="0" time="0" id="107" name="/home/samomik/Projects-WSL/vulnerable-app-node-js-express/node_modules/lodash/_baseMatchesProperty.js" package="_baseMatchesProperty.js" skipped="0" tests="1" timestamp="2025-09-03T13:41:22.640212998">
    <testcase classname="dependency-check" name="_baseMatchesProperty.js"/>
  </testsuite>
  <testsuite failures="0" errors="0" time="0" id="108" name="/home/samomik/Projects-WSL/vulnerable-app-node-js-express/node_modules/lodash/_baseMean.js" package="_baseMean.js" skipped="0" tests="1" timestamp="2025-09-03T13:41:22.640212998">
    <testcase classname="dependency-check" name="_baseMean.js"/>
  </testsuite>
  <testsuite failures="0" errors="0" time="0" id="109" name="/home/samomik/Projects-WSL/vulnerable-app-node-js-express/node_modules/lodash/_baseMerge.js" package="_baseMerge.js" skipped="0" tests="1" timestamp="2025-09-03T13:41:22.640212998">
    <testcase classname="dependency-check" name="_baseMerge.js"/>
  </testsuite>
  <testsuite failures="0" errors="0" time="0" id="110" name="/home/samomik/Projects-WSL/vulnerable-app-node-js-express/node_modules/lodash/_baseMergeDeep.js" package="_baseMergeDeep.js" skipped="0" tests="1" timestamp="2025-09-03T13:41:22.640212998">
    <testcase classname="dependency-check" name="_baseMergeDeep.js"/>
  </testsuite>
  <testsuite failures="0" errors="0" time="0" id="111" name="/home/samomik/Projects-WSL/vulnerable-app-node-js-express/node_modules/lodash/_baseNth.js" package="_baseNth.js" skipped="0" tests="1" timestamp="2025-09-03T13:41:22.640212998">
    <testcase classname="dependency-check" name="_baseNth.js"/>
  </testsuite>
  <testsuite failures="0" errors="0" time="0" id="112" name="/home/samomik/Projects-WSL/vulnerable-app-node-js-express/node_modules/lodash/_baseOrderBy.js" package="_baseOrderBy.js" skipped="0" tests="1" timestamp="2025-09-03T13:41:22.640212998">
    <testcase classname="dependency-check" name="_baseOrderBy.js"/>
  </testsuite>
  <testsuite failures="0" errors="0" time="0" id="113" name="/home/samomik/Projects-WSL/vulnerable-app-node-js-express/node_modules/lodash/_basePick.js" package="_basePick.js" skipped="0" tests="1" timestamp="2025-09-03T13:41:22.640212998">
    <testcase classname="dependency-check" name="_basePick.js"/>
  </testsuite>
  <testsuite failures="0" errors="0" time="0" id="114" name="/home/samomik/Projects-WSL/vulnerable-app-node-js-express/node_modules/lodash/_basePickBy.js" package="_basePickBy.js" skipped="0" tests="1" timestamp="2025-09-03T13:41:22.640212998">
    <testcase classname="dependency-check" name="_basePickBy.js"/>
  </testsuite>
  <testsuite failures="0" errors="0" time="0" id="115" name="/home/samomik/Projects-WSL/vulnerable-app-node-js-express/node_modules/lodash/_baseProperty.js" package="_baseProperty.js" skipped="0" tests="1" timestamp="2025-09-03T13:41:22.640212998">
    <testcase classname="dependency-check" name="_baseProperty.js"/>
  </testsuite>
  <testsuite failures="0" errors="0" time="0" id="116" name="/home/samomik/Projects-WSL/vulnerable-app-node-js-express/node_modules/lodash/_basePropertyDeep.js" package="_basePropertyDeep.js" skipped="0" tests="1" timestamp="2025-09-03T13:41:22.640212998">
    <testcase classname="dependency-check" name="_basePropertyDeep.js"/>
  </testsuite>
  <testsuite failures="0" errors="0" time="0" id="117" name="/home/samomik/Projects-WSL/vulnerable-app-node-js-express/node_modules/lodash/_basePropertyOf.js" package="_basePropertyOf.js" skipped="0" tests="1" timestamp="2025-09-03T13:41:22.640212998">
    <testcase classname="dependency-check" name="_basePropertyOf.js"/>
  </testsuite>
  <testsuite failures="0" errors="0" time="0" id="118" name="/home/samomik/Projects-WSL/vulnerable-app-node-js-express/node_modules/lodash/_basePullAll.js" package="_basePullAll.js" skipped="0" tests="1" timestamp="2025-09-03T13:41:22.640212998">
    <testcase classname="dependency-check" name="_basePullAll.js"/>
  </testsuite>
  <testsuite failures="0" errors="0" time="0" id="119" name="/home/samomik/Projects-WSL/vulnerable-app-node-js-express/node_modules/lodash/_basePullAt.js" package="_basePullAt.js" skipped="0" tests="1" timestamp="2025-09-03T13:41:22.640212998">
    <testcase classname="dependency-check" name="_basePullAt.js"/>
  </testsuite>
  <testsuite failures="0" errors="0" time="0" id="120" name="/home/samomik/Projects-WSL/vulnerable-app-node-js-express/node_modules/lodash/_baseRandom.js" package="_baseRandom.js" skipped="0" tests="1" timestamp="2025-09-03T13:41:22.640212998">
    <testcase classname="dependency-check" name="_baseRandom.js"/>
  </testsuite>
  <testsuite failures="0" errors="0" time="0" id="121" name="/home/samomik/Projects-WSL/vulnerable-app-node-js-express/node_modules/lodash/_baseRange.js" package="_baseRange.js" skipped="0" tests="1" timestamp="2025-09-03T13:41:22.640212998">
    <testcase classname="dependency-check" name="_baseRange.js"/>
  </testsuite>
  <testsuite failures="0" errors="0" time="0" id="122" name="/home/samomik/Projects-WSL/vulnerable-app-node-js-express/node_modules/lodash/_baseReduce.js" package="_baseReduce.js" skipped="0" tests="1" timestamp="2025-09-03T13:41:22.640212998">
    <testcase classname="dependency-check" name="_baseReduce.js"/>
  </testsuite>
  <testsuite failures="0" errors="0" time="0" id="123" name="/home/samomik/Projects-WSL/vulnerable-app-node-js-express/node_modules/lodash/_baseRepeat.js" package="_baseRepeat.js" skipped="0" tests="1" timestamp="2025-09-03T13:41:22.640212998">
    <testcase classname="dependency-check" name="_baseRepeat.js"/>
  </testsuite>
  <testsuite failures="0" errors="0" time="0" id="124" name="/home/samomik/Projects-WSL/vulnerable-app-node-js-express/node_modules/lodash/_baseRest.js" package="_baseRest.js" skipped="0" tests="1" timestamp="2025-09-03T13:41:22.640212998">
    <testcase classname="dependency-check" name="_baseRest.js"/>
  </testsuite>
  <testsuite failures="0" errors="0" time="0" id="125" name="/home/samomik/Projects-WSL/vulnerable-app-node-js-express/node_modules/lodash/_baseSample.js" package="_baseSample.js" skipped="0" tests="1" timestamp="2025-09-03T13:41:22.640212998">
    <testcase classname="dependency-check" name="_baseSample.js"/>
  </testsuite>
  <testsuite failures="0" errors="0" time="0" id="126" name="/home/samomik/Projects-WSL/vulnerable-app-node-js-express/node_modules/lodash/_baseSampleSize.js" package="_baseSampleSize.js" skipped="0" tests="1" timestamp="2025-09-03T13:41:22.640212998">
    <testcase classname="dependency-check" name="_baseSampleSize.js"/>
  </testsuite>
  <testsuite failures="0" errors="0" time="0" id="127" name="/home/samomik/Projects-WSL/vulnerable-app-node-js-express/node_modules/lodash/_baseSet.js" package="_baseSet.js" skipped="0" tests="1" timestamp="2025-09-03T13:41:22.640212998">
    <testcase classname="dependency-check" name="_baseSet.js"/>
  </testsuite>
  <testsuite failures="0" errors="0" time="0" id="128" name="/home/samomik/Projects-WSL/vulnerable-app-node-js-express/node_modules/lodash/_baseSetData.js" package="_baseSetData.js" skipped="0" tests="1" timestamp="2025-09-03T13:41:22.640212998">
    <testcase classname="dependency-check" name="_baseSetData.js"/>
  </testsuite>
  <testsuite failures="0" errors="0" time="0" id="129" name="/home/samomik/Projects-WSL/vulnerable-app-node-js-express/node_modules/lodash/_baseSetToString.js" package="_baseSetToString.js" skipped="0" tests="1" timestamp="2025-09-03T13:41:22.640212998">
    <testcase classname="dependency-check" name="_baseSetToString.js"/>
  </testsuite>
  <testsuite failures="0" errors="0" time="0" id="130" name="/home/samomik/Projects-WSL/vulnerable-app-node-js-express/node_modules/lodash/_baseShuffle.js" package="_baseShuffle.js" skipped="0" tests="1" timestamp="2025-09-03T13:41:22.640212998">
    <testcase classname="dependency-check" name="_baseShuffle.js"/>
  </testsuite>
  <testsuite failures="0" errors="0" time="0" id="131" name="/home/samomik/Projects-WSL/vulnerable-app-node-js-express/node_modules/lodash/_baseSlice.js" package="_baseSlice.js" skipped="0" tests="1" timestamp="2025-09-03T13:41:22.640212998">
    <testcase classname="dependency-check" name="_baseSlice.js"/>
  </testsuite>
  <testsuite failures="0" errors="0" time="0" id="132" name="/home/samomik/Projects-WSL/vulnerable-app-node-js-express/node_modules/lodash/_baseSome.js" package="_baseSome.js" skipped="0" tests="1" timestamp="2025-09-03T13:41:22.640212998">
    <testcase classname="dependency-check" name="_baseSome.js"/>
  </testsuite>
  <testsuite failures="0" errors="0" time="0" id="133" name="/home/samomik/Projects-WSL/vulnerable-app-node-js-express/node_modules/lodash/_baseSortBy.js" package="_baseSortBy.js" skipped="0" tests="1" timestamp="2025-09-03T13:41:22.640212998">
    <testcase classname="dependency-check" name="_baseSortBy.js"/>
  </testsuite>
  <testsuite failures="0" errors="0" time="0" id="134" name="/home/samomik/Projects-WSL/vulnerable-app-node-js-express/node_modules/lodash/_baseSortedIndex.js" package="_baseSortedIndex.js" skipped="0" tests="1" timestamp="2025-09-03T13:41:22.640212998">
    <testcase classname="dependency-check" name="_baseSortedIndex.js"/>
  </testsuite>
  <testsuite failures="0" errors="0" time="0" id="135" name="/home/samomik/Projects-WSL/vulnerable-app-node-js-express/node_modules/lodash/_baseSortedIndexBy.js" package="_baseSortedIndexBy.js" skipped="0" tests="1" timestamp="2025-09-03T13:41:22.640212998">
    <testcase classname="dependency-check" name="_baseSortedIndexBy.js"/>
  </testsuite>
  <testsuite failures="0" errors="0" time="0" id="136" name="/home/samomik/Projects-WSL/vulnerable-app-node-js-express/node_modules/lodash/_baseSortedUniq.js" package="_baseSortedUniq.js" skipped="0" tests="1" timestamp="2025-09-03T13:41:22.640212998">
    <testcase classname="dependency-check" name="_baseSortedUniq.js"/>
  </testsuite>
  <testsuite failures="0" errors="0" time="0" id="137" name="/home/samomik/Projects-WSL/vulnerable-app-node-js-express/node_modules/lodash/_baseSum.js" package="_baseSum.js" skipped="0" tests="1" timestamp="2025-09-03T13:41:22.640212998">
    <testcase classname="dependency-check" name="_baseSum.js"/>
  </testsuite>
  <testsuite failures="0" errors="0" time="0" id="138" name="/home/samomik/Projects-WSL/vulnerable-app-node-js-express/node_modules/lodash/_baseTimes.js" package="_baseTimes.js" skipped="0" tests="1" timestamp="2025-09-03T13:41:22.640212998">
    <testcase classname="dependency-check" name="_baseTimes.js"/>
  </testsuite>
  <testsuite failures="0" errors="0" time="0" id="139" name="/home/samomik/Projects-WSL/vulnerable-app-node-js-express/node_modules/lodash/_baseToNumber.js" package="_baseToNumber.js" skipped="0" tests="1" timestamp="2025-09-03T13:41:22.640212998">
    <testcase classname="dependency-check" name="_baseToNumber.js"/>
  </testsuite>
  <testsuite failures="0" errors="0" time="0" id="140" name="/home/samomik/Projects-WSL/vulnerable-app-node-js-express/node_modules/lodash/_baseToPairs.js" package="_baseToPairs.js" skipped="0" tests="1" timestamp="2025-09-03T13:41:22.640212998">
    <testcase classname="dependency-check" name="_baseToPairs.js"/>
  </testsuite>
  <testsuite failures="0" errors="0" time="0" id="141" name="/home/samomik/Projects-WSL/vulnerable-app-node-js-express/node_modules/lodash/_baseToString.js" package="_baseToString.js" skipped="0" tests="1" timestamp="2025-09-03T13:41:22.640212998">
    <testcase classname="dependency-check" name="_baseToString.js"/>
  </testsuite>
  <testsuite failures="0" errors="0" time="0" id="142" name="/home/samomik/Projects-WSL/vulnerable-app-node-js-express/node_modules/lodash/_baseUnary.js" package="_baseUnary.js" skipped="0" tests="1" timestamp="2025-09-03T13:41:22.640212998">
    <testcase classname="dependency-check" name="_baseUnary.js"/>
  </testsuite>
  <testsuite failures="0" errors="0" time="0" id="143" name="/home/samomik/Projects-WSL/vulnerable-app-node-js-express/node_modules/lodash/_baseUniq.js" package="_baseUniq.js" skipped="0" tests="1" timestamp="2025-09-03T13:41:22.640212998">
    <testcase classname="dependency-check" name="_baseUniq.js"/>
  </testsuite>
  <testsuite failures="0" errors="0" time="0" id="144" name="/home/samomik/Projects-WSL/vulnerable-app-node-js-express/node_modules/lodash/_baseUnset.js" package="_baseUnset.js" skipped="0" tests="1" timestamp="2025-09-03T13:41:22.640212998">
    <testcase classname="dependency-check" name="_baseUnset.js"/>
  </testsuite>
  <testsuite failures="0" errors="0" time="0" id="145" name="/home/samomik/Projects-WSL/vulnerable-app-node-js-express/node_modules/lodash/_baseUpdate.js" package="_baseUpdate.js" skipped="0" tests="1" timestamp="2025-09-03T13:41:22.640212998">
    <testcase classname="dependency-check" name="_baseUpdate.js"/>
  </testsuite>
  <testsuite failures="0" errors="0" time="0" id="146" name="/home/samomik/Projects-WSL/vulnerable-app-node-js-express/node_modules/lodash/_baseValues.js" package="_baseValues.js" skipped="0" tests="1" timestamp="2025-09-03T13:41:22.640212998">
    <testcase classname="dependency-check" name="_baseValues.js"/>
  </testsuite>
  <testsuite failures="0" errors="0" time="0" id="147" name="/home/samomik/Projects-WSL/vulnerable-app-node-js-express/node_modules/lodash/_baseWhile.js" package="_baseWhile.js" skipped="0" tests="1" timestamp="2025-09-03T13:41:22.640212998">
    <testcase classname="dependency-check" name="_baseWhile.js"/>
  </testsuite>
  <testsuite failures="0" errors="0" time="0" id="148" name="/home/samomik/Projects-WSL/vulnerable-app-node-js-express/node_modules/lodash/_baseWrapperValue.js" package="_baseWrapperValue.js" skipped="0" tests="1" timestamp="2025-09-03T13:41:22.640212998">
    <testcase classname="dependency-check" name="_baseWrapperValue.js"/>
  </testsuite>
  <testsuite failures="0" errors="0" time="0" id="149" name="/home/samomik/Projects-WSL/vulnerable-app-node-js-express/node_modules/lodash/_baseXor.js" package="_baseXor.js" skipped="0" tests="1" timestamp="2025-09-03T13:41:22.640212998">
    <testcase classname="dependency-check" name="_baseXor.js"/>
  </testsuite>
  <testsuite failures="0" errors="0" time="0" id="150" name="/home/samomik/Projects-WSL/vulnerable-app-node-js-express/node_modules/lodash/_baseZipObject.js" package="_baseZipObject.js" skipped="0" tests="1" timestamp="2025-09-03T13:41:22.640212998">
    <testcase classname="dependency-check" name="_baseZipObject.js"/>
  </testsuite>
  <testsuite failures="0" errors="0" time="0" id="151" name="/home/samomik/Projects-WSL/vulnerable-app-node-js-express/node_modules/lodash/_cacheHas.js" package="_cacheHas.js" skipped="0" tests="1" timestamp="2025-09-03T13:41:22.640212998">
    <testcase classname="dependency-check" name="_cacheHas.js"/>
  </testsuite>
  <testsuite failures="0" errors="0" time="0" id="152" name="/home/samomik/Projects-WSL/vulnerable-app-node-js-express/node_modules/lodash/_castArrayLikeObject.js" package="_castArrayLikeObject.js" skipped="0" tests="1" timestamp="2025-09-03T13:41:22.640212998">
    <testcase classname="dependency-check" name="_castArrayLikeObject.js"/>
  </testsuite>
  <testsuite failures="0" errors="0" time="0" id="153" name="/home/samomik/Projects-WSL/vulnerable-app-node-js-express/node_modules/lodash/_castFunction.js" package="_castFunction.js" skipped="0" tests="1" timestamp="2025-09-03T13:41:22.640212998">
    <testcase classname="dependency-check" name="_castFunction.js"/>
  </testsuite>
  <testsuite failures="0" errors="0" time="0" id="154" name="/home/samomik/Projects-WSL/vulnerable-app-node-js-express/node_modules/lodash/_castPath.js" package="_castPath.js" skipped="0" tests="1" timestamp="2025-09-03T13:41:22.640212998">
    <testcase classname="dependency-check" name="_castPath.js"/>
  </testsuite>
  <testsuite failures="0" errors="0" time="0" id="155" name="/home/samomik/Projects-WSL/vulnerable-app-node-js-express/node_modules/lodash/_castRest.js" package="_castRest.js" skipped="0" tests="1" timestamp="2025-09-03T13:41:22.640212998">
    <testcase classname="dependency-check" name="_castRest.js"/>
  </testsuite>
  <testsuite failures="0" errors="0" time="0" id="156" name="/home/samomik/Projects-WSL/vulnerable-app-node-js-express/node_modules/lodash/_castSlice.js" package="_castSlice.js" skipped="0" tests="1" timestamp="2025-09-03T13:41:22.640212998">
    <testcase classname="dependency-check" name="_castSlice.js"/>
  </testsuite>
  <testsuite failures="0" errors="0" time="0" id="157" name="/home/samomik/Projects-WSL/vulnerable-app-node-js-express/node_modules/lodash/_charsEndIndex.js" package="_charsEndIndex.js" skipped="0" tests="1" timestamp="2025-09-03T13:41:22.640212998">
    <testcase classname="dependency-check" name="_charsEndIndex.js"/>
  </testsuite>
  <testsuite failures="0" errors="0" time="0" id="158" name="/home/samomik/Projects-WSL/vulnerable-app-node-js-express/node_modules/lodash/_charsStartIndex.js" package="_charsStartIndex.js" skipped="0" tests="1" timestamp="2025-09-03T13:41:22.640212998">
    <testcase classname="dependency-check" name="_charsStartIndex.js"/>
  </testsuite>
  <testsuite failures="0" errors="0" time="0" id="159" name="/home/samomik/Projects-WSL/vulnerable-app-node-js-express/node_modules/lodash/_cloneArrayBuffer.js" package="_cloneArrayBuffer.js" skipped="0" tests="1" timestamp="2025-09-03T13:41:22.640212998">
    <testcase classname="dependency-check" name="_cloneArrayBuffer.js"/>
  </testsuite>
  <testsuite failures="0" errors="0" time="0" id="160" name="/home/samomik/Projects-WSL/vulnerable-app-node-js-express/node_modules/lodash/_cloneBuffer.js" package="_cloneBuffer.js" skipped="0" tests="1" timestamp="2025-09-03T13:41:22.640212998">
    <testcase classname="dependency-check" name="_cloneBuffer.js"/>
  </testsuite>
  <testsuite failures="0" errors="0" time="0" id="161" name="/home/samomik/Projects-WSL/vulnerable-app-node-js-express/node_modules/lodash/_cloneDataView.js" package="_cloneDataView.js" skipped="0" tests="1" timestamp="2025-09-03T13:41:22.640212998">
    <testcase classname="dependency-check" name="_cloneDataView.js"/>
  </testsuite>
  <testsuite failures="0" errors="0" time="0" id="162" name="/home/samomik/Projects-WSL/vulnerable-app-node-js-express/node_modules/lodash/_cloneRegExp.js" package="_cloneRegExp.js" skipped="0" tests="1" timestamp="2025-09-03T13:41:22.640212998">
    <testcase classname="dependency-check" name="_cloneRegExp.js"/>
  </testsuite>
  <testsuite failures="0" errors="0" time="0" id="163" name="/home/samomik/Projects-WSL/vulnerable-app-node-js-express/node_modules/lodash/_cloneSymbol.js" package="_cloneSymbol.js" skipped="0" tests="1" timestamp="2025-09-03T13:41:22.640212998">
    <testcase classname="dependency-check" name="_cloneSymbol.js"/>
  </testsuite>
  <testsuite failures="0" errors="0" time="0" id="164" name="/home/samomik/Projects-WSL/vulnerable-app-node-js-express/node_modules/lodash/_cloneTypedArray.js" package="_cloneTypedArray.js" skipped="0" tests="1" timestamp="2025-09-03T13:41:22.640212998">
    <testcase classname="dependency-check" name="_cloneTypedArray.js"/>
  </testsuite>
  <testsuite failures="0" errors="0" time="0" id="165" name="/home/samomik/Projects-WSL/vulnerable-app-node-js-express/node_modules/lodash/_compareAscending.js" package="_compareAscending.js" skipped="0" tests="1" timestamp="2025-09-03T13:41:22.640212998">
    <testcase classname="dependency-check" name="_compareAscending.js"/>
  </testsuite>
  <testsuite failures="0" errors="0" time="0" id="166" name="/home/samomik/Projects-WSL/vulnerable-app-node-js-express/node_modules/lodash/_compareMultiple.js" package="_compareMultiple.js" skipped="0" tests="1" timestamp="2025-09-03T13:41:22.640212998">
    <testcase classname="dependency-check" name="_compareMultiple.js"/>
  </testsuite>
  <testsuite failures="0" errors="0" time="0" id="167" name="/home/samomik/Projects-WSL/vulnerable-app-node-js-express/node_modules/lodash/_composeArgs.js" package="_composeArgs.js" skipped="0" tests="1" timestamp="2025-09-03T13:41:22.640212998">
    <testcase classname="dependency-check" name="_composeArgs.js"/>
  </testsuite>
  <testsuite failures="0" errors="0" time="0" id="168" name="/home/samomik/Projects-WSL/vulnerable-app-node-js-express/node_modules/lodash/_composeArgsRight.js" package="_composeArgsRight.js" skipped="0" tests="1" timestamp="2025-09-03T13:41:22.640212998">
    <testcase classname="dependency-check" name="_composeArgsRight.js"/>
  </testsuite>
  <testsuite failures="0" errors="0" time="0" id="169" name="/home/samomik/Projects-WSL/vulnerable-app-node-js-express/node_modules/lodash/fp/_convertBrowser.js" package="_convertBrowser.js" skipped="0" tests="1" timestamp="2025-09-03T13:41:22.640212998">
    <testcase classname="dependency-check" name="_convertBrowser.js"/>
  </testsuite>
  <testsuite failures="0" errors="0" time="0" id="170" name="/home/samomik/Projects-WSL/vulnerable-app-node-js-express/node_modules/lodash/_copyArray.js" package="_copyArray.js" skipped="0" tests="1" timestamp="2025-09-03T13:41:22.640212998">
    <testcase classname="dependency-check" name="_copyArray.js"/>
  </testsuite>
  <testsuite failures="0" errors="0" time="0" id="171" name="/home/samomik/Projects-WSL/vulnerable-app-node-js-express/node_modules/lodash/_copyObject.js" package="_copyObject.js" skipped="0" tests="1" timestamp="2025-09-03T13:41:22.640212998">
    <testcase classname="dependency-check" name="_copyObject.js"/>
  </testsuite>
  <testsuite failures="0" errors="0" time="0" id="172" name="/home/samomik/Projects-WSL/vulnerable-app-node-js-express/node_modules/lodash/_copySymbols.js" package="_copySymbols.js" skipped="0" tests="1" timestamp="2025-09-03T13:41:22.640212998">
    <testcase classname="dependency-check" name="_copySymbols.js"/>
  </testsuite>
  <testsuite failures="0" errors="0" time="0" id="173" name="/home/samomik/Projects-WSL/vulnerable-app-node-js-express/node_modules/lodash/_copySymbolsIn.js" package="_copySymbolsIn.js" skipped="0" tests="1" timestamp="2025-09-03T13:41:22.640212998">
    <testcase classname="dependency-check" name="_copySymbolsIn.js"/>
  </testsuite>
  <testsuite failures="0" errors="0" time="0" id="174" name="/home/samomik/Projects-WSL/vulnerable-app-node-js-express/node_modules/lodash/_coreJsData.js" package="_coreJsData.js" skipped="0" tests="1" timestamp="2025-09-03T13:41:22.640212998">
    <testcase classname="dependency-check" name="_coreJsData.js"/>
  </testsuite>
  <testsuite failures="0" errors="0" time="0" id="175" name="/home/samomik/Projects-WSL/vulnerable-app-node-js-express/node_modules/lodash/_countHolders.js" package="_countHolders.js" skipped="0" tests="1" timestamp="2025-09-03T13:41:22.640212998">
    <testcase classname="dependency-check" name="_countHolders.js"/>
  </testsuite>
  <testsuite failures="0" errors="0" time="0" id="176" name="/home/samomik/Projects-WSL/vulnerable-app-node-js-express/node_modules/lodash/_createAggregator.js" package="_createAggregator.js" skipped="0" tests="1" timestamp="2025-09-03T13:41:22.640212998">
    <testcase classname="dependency-check" name="_createAggregator.js"/>
  </testsuite>
  <testsuite failures="0" errors="0" time="0" id="177" name="/home/samomik/Projects-WSL/vulnerable-app-node-js-express/node_modules/lodash/_createAssigner.js" package="_createAssigner.js" skipped="0" tests="1" timestamp="2025-09-03T13:41:22.640212998">
    <testcase classname="dependency-check" name="_createAssigner.js"/>
  </testsuite>
  <testsuite failures="0" errors="0" time="0" id="178" name="/home/samomik/Projects-WSL/vulnerable-app-node-js-express/node_modules/lodash/_createBaseEach.js" package="_createBaseEach.js" skipped="0" tests="1" timestamp="2025-09-03T13:41:22.640212998">
    <testcase classname="dependency-check" name="_createBaseEach.js"/>
  </testsuite>
  <testsuite failures="0" errors="0" time="0" id="179" name="/home/samomik/Projects-WSL/vulnerable-app-node-js-express/node_modules/lodash/_createBaseFor.js" package="_createBaseFor.js" skipped="0" tests="1" timestamp="2025-09-03T13:41:22.640212998">
    <testcase classname="dependency-check" name="_createBaseFor.js"/>
  </testsuite>
  <testsuite failures="0" errors="0" time="0" id="180" name="/home/samomik/Projects-WSL/vulnerable-app-node-js-express/node_modules/lodash/_createBind.js" package="_createBind.js" skipped="0" tests="1" timestamp="2025-09-03T13:41:22.640212998">
    <testcase classname="dependency-check" name="_createBind.js"/>
  </testsuite>
  <testsuite failures="0" errors="0" time="0" id="181" name="/home/samomik/Projects-WSL/vulnerable-app-node-js-express/node_modules/lodash/_createCaseFirst.js" package="_createCaseFirst.js" skipped="0" tests="1" timestamp="2025-09-03T13:41:22.640212998">
    <testcase classname="dependency-check" name="_createCaseFirst.js"/>
  </testsuite>
  <testsuite failures="0" errors="0" time="0" id="182" name="/home/samomik/Projects-WSL/vulnerable-app-node-js-express/node_modules/lodash/_createCompounder.js" package="_createCompounder.js" skipped="0" tests="1" timestamp="2025-09-03T13:41:22.640212998">
    <testcase classname="dependency-check" name="_createCompounder.js"/>
  </testsuite>
  <testsuite failures="0" errors="0" time="0" id="183" name="/home/samomik/Projects-WSL/vulnerable-app-node-js-express/node_modules/lodash/_createCtor.js" package="_createCtor.js" skipped="0" tests="1" timestamp="2025-09-03T13:41:22.640212998">
    <testcase classname="dependency-check" name="_createCtor.js"/>
  </testsuite>
  <testsuite failures="0" errors="0" time="0" id="184" name="/home/samomik/Projects-WSL/vulnerable-app-node-js-express/node_modules/lodash/_createCurry.js" package="_createCurry.js" skipped="0" tests="1" timestamp="2025-09-03T13:41:22.640212998">
    <testcase classname="dependency-check" name="_createCurry.js"/>
  </testsuite>
  <testsuite failures="0" errors="0" time="0" id="185" name="/home/samomik/Projects-WSL/vulnerable-app-node-js-express/node_modules/lodash/_createFind.js" package="_createFind.js" skipped="0" tests="1" timestamp="2025-09-03T13:41:22.640212998">
    <testcase classname="dependency-check" name="_createFind.js"/>
  </testsuite>
  <testsuite failures="0" errors="0" time="0" id="186" name="/home/samomik/Projects-WSL/vulnerable-app-node-js-express/node_modules/lodash/_createFlow.js" package="_createFlow.js" skipped="0" tests="1" timestamp="2025-09-03T13:41:22.640212998">
    <testcase classname="dependency-check" name="_createFlow.js"/>
  </testsuite>
  <testsuite failures="0" errors="0" time="0" id="187" name="/home/samomik/Projects-WSL/vulnerable-app-node-js-express/node_modules/lodash/_createHybrid.js" package="_createHybrid.js" skipped="0" tests="1" timestamp="2025-09-03T13:41:22.640212998">
    <testcase classname="dependency-check" name="_createHybrid.js"/>
  </testsuite>
  <testsuite failures="0" errors="0" time="0" id="188" name="/home/samomik/Projects-WSL/vulnerable-app-node-js-express/node_modules/lodash/_createInverter.js" package="_createInverter.js" skipped="0" tests="1" timestamp="2025-09-03T13:41:22.640212998">
    <testcase classname="dependency-check" name="_createInverter.js"/>
  </testsuite>
  <testsuite failures="0" errors="0" time="0" id="189" name="/home/samomik/Projects-WSL/vulnerable-app-node-js-express/node_modules/lodash/_createMathOperation.js" package="_createMathOperation.js" skipped="0" tests="1" timestamp="2025-09-03T13:41:22.640212998">
    <testcase classname="dependency-check" name="_createMathOperation.js"/>
  </testsuite>
  <testsuite failures="0" errors="0" time="0" id="190" name="/home/samomik/Projects-WSL/vulnerable-app-node-js-express/node_modules/lodash/_createOver.js" package="_createOver.js" skipped="0" tests="1" timestamp="2025-09-03T13:41:22.640212998">
    <testcase classname="dependency-check" name="_createOver.js"/>
  </testsuite>
  <testsuite failures="0" errors="0" time="0" id="191" name="/home/samomik/Projects-WSL/vulnerable-app-node-js-express/node_modules/lodash/_createPadding.js" package="_createPadding.js" skipped="0" tests="1" timestamp="2025-09-03T13:41:22.640212998">
    <testcase classname="dependency-check" name="_createPadding.js"/>
  </testsuite>
  <testsuite failures="0" errors="0" time="0" id="192" name="/home/samomik/Projects-WSL/vulnerable-app-node-js-express/node_modules/lodash/_createPartial.js" package="_createPartial.js" skipped="0" tests="1" timestamp="2025-09-03T13:41:22.640212998">
    <testcase classname="dependency-check" name="_createPartial.js"/>
  </testsuite>
  <testsuite failures="0" errors="0" time="0" id="193" name="/home/samomik/Projects-WSL/vulnerable-app-node-js-express/node_modules/lodash/_createRange.js" package="_createRange.js" skipped="0" tests="1" timestamp="2025-09-03T13:41:22.640212998">
    <testcase classname="dependency-check" name="_createRange.js"/>
  </testsuite>
  <testsuite failures="0" errors="0" time="0" id="194" name="/home/samomik/Projects-WSL/vulnerable-app-node-js-express/node_modules/lodash/_createRecurry.js" package="_createRecurry.js" skipped="0" tests="1" timestamp="2025-09-03T13:41:22.640212998">
    <testcase classname="dependency-check" name="_createRecurry.js"/>
  </testsuite>
  <testsuite failures="0" errors="0" time="0" id="195" name="/home/samomik/Projects-WSL/vulnerable-app-node-js-express/node_modules/lodash/_createRelationalOperation.js" package="_createRelationalOperation.js" skipped="0" tests="1" timestamp="2025-09-03T13:41:22.640212998">
    <testcase classname="dependency-check" name="_createRelationalOperation.js"/>
  </testsuite>
  <testsuite failures="0" errors="0" time="0" id="196" name="/home/samomik/Projects-WSL/vulnerable-app-node-js-express/node_modules/lodash/_createRound.js" package="_createRound.js" skipped="0" tests="1" timestamp="2025-09-03T13:41:22.640212998">
    <testcase classname="dependency-check" name="_createRound.js"/>
  </testsuite>
  <testsuite failures="0" errors="0" time="0" id="197" name="/home/samomik/Projects-WSL/vulnerable-app-node-js-express/node_modules/lodash/_createSet.js" package="_createSet.js" skipped="0" tests="1" timestamp="2025-09-03T13:41:22.640212998">
    <testcase classname="dependency-check" name="_createSet.js"/>
  </testsuite>
  <testsuite failures="0" errors="0" time="0" id="198" name="/home/samomik/Projects-WSL/vulnerable-app-node-js-express/node_modules/lodash/_createToPairs.js" package="_createToPairs.js" skipped="0" tests="1" timestamp="2025-09-03T13:41:22.640212998">
    <testcase classname="dependency-check" name="_createToPairs.js"/>
  </testsuite>
  <testsuite failures="0" errors="0" time="0" id="199" name="/home/samomik/Projects-WSL/vulnerable-app-node-js-express/node_modules/lodash/_createWrap.js" package="_createWrap.js" skipped="0" tests="1" timestamp="2025-09-03T13:41:22.640212998">
    <testcase classname="dependency-check" name="_createWrap.js"/>
  </testsuite>
  <testsuite failures="0" errors="0" time="0" id="200" name="/home/samomik/Projects-WSL/vulnerable-app-node-js-express/node_modules/lodash/_customDefaultsAssignIn.js" package="_customDefaultsAssignIn.js" skipped="0" tests="1" timestamp="2025-09-03T13:41:22.640212998">
    <testcase classname="dependency-check" name="_customDefaultsAssignIn.js"/>
  </testsuite>
  <testsuite failures="0" errors="0" time="0" id="201" name="/home/samomik/Projects-WSL/vulnerable-app-node-js-express/node_modules/lodash/_customDefaultsMerge.js" package="_customDefaultsMerge.js" skipped="0" tests="1" timestamp="2025-09-03T13:41:22.640212998">
    <testcase classname="dependency-check" name="_customDefaultsMerge.js"/>
  </testsuite>
  <testsuite failures="0" errors="0" time="0" id="202" name="/home/samomik/Projects-WSL/vulnerable-app-node-js-express/node_modules/lodash/_customOmitClone.js" package="_customOmitClone.js" skipped="0" tests="1" timestamp="2025-09-03T13:41:22.640212998">
    <testcase classname="dependency-check" name="_customOmitClone.js"/>
  </testsuite>
  <testsuite failures="0" errors="0" time="0" id="203" name="/home/samomik/Projects-WSL/vulnerable-app-node-js-express/node_modules/lodash/_deburrLetter.js" package="_deburrLetter.js" skipped="0" tests="1" timestamp="2025-09-03T13:41:22.640212998">
    <testcase classname="dependency-check" name="_deburrLetter.js"/>
  </testsuite>
  <testsuite failures="0" errors="0" time="0" id="204" name="/home/samomik/Projects-WSL/vulnerable-app-node-js-express/node_modules/lodash/_defineProperty.js" package="_defineProperty.js" skipped="0" tests="1" timestamp="2025-09-03T13:41:22.640212998">
    <testcase classname="dependency-check" name="_defineProperty.js"/>
  </testsuite>
  <testsuite failures="0" errors="0" time="0" id="205" name="/home/samomik/Projects-WSL/vulnerable-app-node-js-express/node_modules/lodash/_equalArrays.js" package="_equalArrays.js" skipped="0" tests="1" timestamp="2025-09-03T13:41:22.640212998">
    <testcase classname="dependency-check" name="_equalArrays.js"/>
  </testsuite>
  <testsuite failures="0" errors="0" time="0" id="206" name="/home/samomik/Projects-WSL/vulnerable-app-node-js-express/node_modules/lodash/_equalByTag.js" package="_equalByTag.js" skipped="0" tests="1" timestamp="2025-09-03T13:41:22.640212998">
    <testcase classname="dependency-check" name="_equalByTag.js"/>
  </testsuite>
  <testsuite failures="0" errors="0" time="0" id="207" name="/home/samomik/Projects-WSL/vulnerable-app-node-js-express/node_modules/lodash/_equalObjects.js" package="_equalObjects.js" skipped="0" tests="1" timestamp="2025-09-03T13:41:22.640212998">
    <testcase classname="dependency-check" name="_equalObjects.js"/>
  </testsuite>
  <testsuite failures="0" errors="0" time="0" id="208" name="/home/samomik/Projects-WSL/vulnerable-app-node-js-express/node_modules/lodash/_escapeHtmlChar.js" package="_escapeHtmlChar.js" skipped="0" tests="1" timestamp="2025-09-03T13:41:22.640212998">
    <testcase classname="dependency-check" name="_escapeHtmlChar.js"/>
  </testsuite>
  <testsuite failures="0" errors="0" time="0" id="209" name="/home/samomik/Projects-WSL/vulnerable-app-node-js-express/node_modules/lodash/_escapeStringChar.js" package="_escapeStringChar.js" skipped="0" tests="1" timestamp="2025-09-03T13:41:22.640212998">
    <testcase classname="dependency-check" name="_escapeStringChar.js"/>
  </testsuite>
  <testsuite failures="0" errors="0" time="0" id="210" name="/home/samomik/Projects-WSL/vulnerable-app-node-js-express/node_modules/lodash/fp/_falseOptions.js" package="_falseOptions.js" skipped="0" tests="1" timestamp="2025-09-03T13:41:22.640212998">
    <testcase classname="dependency-check" name="_falseOptions.js"/>
  </testsuite>
  <testsuite failures="0" errors="0" time="0" id="211" name="/home/samomik/Projects-WSL/vulnerable-app-node-js-express/node_modules/lodash/_flatRest.js" package="_flatRest.js" skipped="0" tests="1" timestamp="2025-09-03T13:41:22.640212998">
    <testcase classname="dependency-check" name="_flatRest.js"/>
  </testsuite>
  <testsuite failures="0" errors="0" time="0" id="212" name="/home/samomik/Projects-WSL/vulnerable-app-node-js-express/node_modules/lodash/_freeGlobal.js" package="_freeGlobal.js" skipped="0" tests="1" timestamp="2025-09-03T13:41:22.640212998">
    <testcase classname="dependency-check" name="_freeGlobal.js"/>
  </testsuite>
  <testsuite failures="0" errors="0" time="0" id="213" name="/home/samomik/Projects-WSL/vulnerable-app-node-js-express/node_modules/lodash/_getAllKeys.js" package="_getAllKeys.js" skipped="0" tests="1" timestamp="2025-09-03T13:41:22.640212998">
    <testcase classname="dependency-check" name="_getAllKeys.js"/>
  </testsuite>
  <testsuite failures="0" errors="0" time="0" id="214" name="/home/samomik/Projects-WSL/vulnerable-app-node-js-express/node_modules/lodash/_getAllKeysIn.js" package="_getAllKeysIn.js" skipped="0" tests="1" timestamp="2025-09-03T13:41:22.640212998">
    <testcase classname="dependency-check" name="_getAllKeysIn.js"/>
  </testsuite>
  <testsuite failures="0" errors="0" time="0" id="215" name="/home/samomik/Projects-WSL/vulnerable-app-node-js-express/node_modules/lodash/_getData.js" package="_getData.js" skipped="0" tests="1" timestamp="2025-09-03T13:41:22.640212998">
    <testcase classname="dependency-check" name="_getData.js"/>
  </testsuite>
  <testsuite failures="0" errors="0" time="0" id="216" name="/home/samomik/Projects-WSL/vulnerable-app-node-js-express/node_modules/lodash/_getFuncName.js" package="_getFuncName.js" skipped="0" tests="1" timestamp="2025-09-03T13:41:22.640212998">
    <testcase classname="dependency-check" name="_getFuncName.js"/>
  </testsuite>
  <testsuite failures="0" errors="0" time="0" id="217" name="/home/samomik/Projects-WSL/vulnerable-app-node-js-express/node_modules/lodash/_getHolder.js" package="_getHolder.js" skipped="0" tests="1" timestamp="2025-09-03T13:41:22.640212998">
    <testcase classname="dependency-check" name="_getHolder.js"/>
  </testsuite>
  <testsuite failures="0" errors="0" time="0" id="218" name="/home/samomik/Projects-WSL/vulnerable-app-node-js-express/node_modules/lodash/_getMapData.js" package="_getMapData.js" skipped="0" tests="1" timestamp="2025-09-03T13:41:22.640212998">
    <testcase classname="dependency-check" name="_getMapData.js"/>
  </testsuite>
  <testsuite failures="0" errors="0" time="0" id="219" name="/home/samomik/Projects-WSL/vulnerable-app-node-js-express/node_modules/lodash/_getMatchData.js" package="_getMatchData.js" skipped="0" tests="1" timestamp="2025-09-03T13:41:22.640212998">
    <testcase classname="dependency-check" name="_getMatchData.js"/>
  </testsuite>
  <testsuite failures="0" errors="0" time="0" id="220" name="/home/samomik/Projects-WSL/vulnerable-app-node-js-express/node_modules/lodash/_getNative.js" package="_getNative.js" skipped="0" tests="1" timestamp="2025-09-03T13:41:22.640212998">
    <testcase classname="dependency-check" name="_getNative.js"/>
  </testsuite>
  <testsuite failures="0" errors="0" time="0" id="221" name="/home/samomik/Projects-WSL/vulnerable-app-node-js-express/node_modules/lodash/_getPrototype.js" package="_getPrototype.js" skipped="0" tests="1" timestamp="2025-09-03T13:41:22.640212998">
    <testcase classname="dependency-check" name="_getPrototype.js"/>
  </testsuite>
  <testsuite failures="0" errors="0" time="0" id="222" name="/home/samomik/Projects-WSL/vulnerable-app-node-js-express/node_modules/lodash/_getRawTag.js" package="_getRawTag.js" skipped="0" tests="1" timestamp="2025-09-03T13:41:22.640212998">
    <testcase classname="dependency-check" name="_getRawTag.js"/>
  </testsuite>
  <testsuite failures="0" errors="0" time="0" id="223" name="/home/samomik/Projects-WSL/vulnerable-app-node-js-express/node_modules/lodash/_getSymbols.js" package="_getSymbols.js" skipped="0" tests="1" timestamp="2025-09-03T13:41:22.640212998">
    <testcase classname="dependency-check" name="_getSymbols.js"/>
  </testsuite>
  <testsuite failures="0" errors="0" time="0" id="224" name="/home/samomik/Projects-WSL/vulnerable-app-node-js-express/node_modules/lodash/_getSymbolsIn.js" package="_getSymbolsIn.js" skipped="0" tests="1" timestamp="2025-09-03T13:41:22.640212998">
    <testcase classname="dependency-check" name="_getSymbolsIn.js"/>
  </testsuite>
  <testsuite failures="0" errors="0" time="0" id="225" name="/home/samomik/Projects-WSL/vulnerable-app-node-js-express/node_modules/lodash/_getTag.js" package="_getTag.js" skipped="0" tests="1" timestamp="2025-09-03T13:41:22.640212998">
    <testcase classname="dependency-check" name="_getTag.js"/>
  </testsuite>
  <testsuite failures="0" errors="0" time="0" id="226" name="/home/samomik/Projects-WSL/vulnerable-app-node-js-express/node_modules/lodash/_getValue.js" package="_getValue.js" skipped="0" tests="1" timestamp="2025-09-03T13:41:22.640212998">
    <testcase classname="dependency-check" name="_getValue.js"/>
  </testsuite>
  <testsuite failures="0" errors="0" time="0" id="227" name="/home/samomik/Projects-WSL/vulnerable-app-node-js-express/node_modules/lodash/_getView.js" package="_getView.js" skipped="0" tests="1" timestamp="2025-09-03T13:41:22.640212998">
    <testcase classname="dependency-check" name="_getView.js"/>
  </testsuite>
  <testsuite failures="0" errors="0" time="0" id="228" name="/home/samomik/Projects-WSL/vulnerable-app-node-js-express/node_modules/lodash/_getWrapDetails.js" package="_getWrapDetails.js" skipped="0" tests="1" timestamp="2025-09-03T13:41:22.640212998">
    <testcase classname="dependency-check" name="_getWrapDetails.js"/>
  </testsuite>
  <testsuite failures="0" errors="0" time="0" id="229" name="/home/samomik/Projects-WSL/vulnerable-app-node-js-express/node_modules/lodash/_hasPath.js" package="_hasPath.js" skipped="0" tests="1" timestamp="2025-09-03T13:41:22.640212998">
    <testcase classname="dependency-check" name="_hasPath.js"/>
  </testsuite>
  <testsuite failures="0" errors="0" time="0" id="230" name="/home/samomik/Projects-WSL/vulnerable-app-node-js-express/node_modules/lodash/_hasUnicode.js" package="_hasUnicode.js" skipped="0" tests="1" timestamp="2025-09-03T13:41:22.640212998">
    <testcase classname="dependency-check" name="_hasUnicode.js"/>
  </testsuite>
  <testsuite failures="0" errors="0" time="0" id="231" name="/home/samomik/Projects-WSL/vulnerable-app-node-js-express/node_modules/lodash/_hasUnicodeWord.js" package="_hasUnicodeWord.js" skipped="0" tests="1" timestamp="2025-09-03T13:41:22.640212998">
    <testcase classname="dependency-check" name="_hasUnicodeWord.js"/>
  </testsuite>
  <testsuite failures="0" errors="0" time="0" id="232" name="/home/samomik/Projects-WSL/vulnerable-app-node-js-express/node_modules/lodash/_hashClear.js" package="_hashClear.js" skipped="0" tests="1" timestamp="2025-09-03T13:41:22.640212998">
    <testcase classname="dependency-check" name="_hashClear.js"/>
  </testsuite>
  <testsuite failures="0" errors="0" time="0" id="233" name="/home/samomik/Projects-WSL/vulnerable-app-node-js-express/node_modules/lodash/_hashDelete.js" package="_hashDelete.js" skipped="0" tests="1" timestamp="2025-09-03T13:41:22.640212998">
    <testcase classname="dependency-check" name="_hashDelete.js"/>
  </testsuite>
  <testsuite failures="0" errors="0" time="0" id="234" name="/home/samomik/Projects-WSL/vulnerable-app-node-js-express/node_modules/lodash/_hashGet.js" package="_hashGet.js" skipped="0" tests="1" timestamp="2025-09-03T13:41:22.640212998">
    <testcase classname="dependency-check" name="_hashGet.js"/>
  </testsuite>
  <testsuite failures="0" errors="0" time="0" id="235" name="/home/samomik/Projects-WSL/vulnerable-app-node-js-express/node_modules/lodash/_hashHas.js" package="_hashHas.js" skipped="0" tests="1" timestamp="2025-09-03T13:41:22.640212998">
    <testcase classname="dependency-check" name="_hashHas.js"/>
  </testsuite>
  <testsuite failures="0" errors="0" time="0" id="236" name="/home/samomik/Projects-WSL/vulnerable-app-node-js-express/node_modules/lodash/_hashSet.js" package="_hashSet.js" skipped="0" tests="1" timestamp="2025-09-03T13:41:22.640212998">
    <testcase classname="dependency-check" name="_hashSet.js"/>
  </testsuite>
  <testsuite failures="0" errors="0" time="0" id="237" name="/home/samomik/Projects-WSL/vulnerable-app-node-js-express/node_modules/lodash/_initCloneArray.js" package="_initCloneArray.js" skipped="0" tests="1" timestamp="2025-09-03T13:41:22.640212998">
    <testcase classname="dependency-check" name="_initCloneArray.js"/>
  </testsuite>
  <testsuite failures="0" errors="0" time="0" id="238" name="/home/samomik/Projects-WSL/vulnerable-app-node-js-express/node_modules/lodash/_initCloneByTag.js" package="_initCloneByTag.js" skipped="0" tests="1" timestamp="2025-09-03T13:41:22.640212998">
    <testcase classname="dependency-check" name="_initCloneByTag.js"/>
  </testsuite>
  <testsuite failures="0" errors="0" time="0" id="239" name="/home/samomik/Projects-WSL/vulnerable-app-node-js-express/node_modules/lodash/_initCloneObject.js" package="_initCloneObject.js" skipped="0" tests="1" timestamp="2025-09-03T13:41:22.640212998">
    <testcase classname="dependency-check" name="_initCloneObject.js"/>
  </testsuite>
  <testsuite failures="0" errors="0" time="0" id="240" name="/home/samomik/Projects-WSL/vulnerable-app-node-js-express/node_modules/lodash/_insertWrapDetails.js" package="_insertWrapDetails.js" skipped="0" tests="1" timestamp="2025-09-03T13:41:22.640212998">
    <testcase classname="dependency-check" name="_insertWrapDetails.js"/>
  </testsuite>
[...]
  </testsuite>
  <testsuite failures="0" errors="0" time="0" id="1565" name="/home/samomik/Projects-WSL/vulnerable-app-node-js-express/node_modules/object-inspect/util.inspect.js" package="util.inspect.js" skipped="0" tests="1" timestamp="2025-09-03T13:41:22.640212998">
    <testcase classname="dependency-check" name="util.inspect.js"/>
  </testsuite>
  <testsuite failures="0" errors="0" time="0" id="1566" name="/home/samomik/Projects-WSL/vulnerable-app-node-js-express/node_modules/lodash/fp/util.js" package="util.js" skipped="0" tests="1" timestamp="2025-09-03T13:41:22.640212998">
    <testcase classname="dependency-check" name="util.js"/>
  </testsuite>
  <testsuite failures="0" errors="0" time="0" id="1567" name="/home/samomik/Projects-WSL/vulnerable-app-node-js-express/node_modules/lodash/util.js" package="util.js" skipped="0" tests="1" timestamp="2025-09-03T13:41:22.640212998">
    <testcase classname="dependency-check" name="util.js"/>
  </testsuite>
  <testsuite failures="0" errors="0" time="0" id="1568" name="/home/samomik/Projects-WSL/vulnerable-app-node-js-express/node_modules/pg/lib/crypto/utils-legacy.js" package="utils-legacy.js" skipped="0" tests="1" timestamp="2025-09-03T13:41:22.640212998">
    <testcase classname="dependency-check" name="utils-legacy.js"/>
  </testsuite>
  <testsuite failures="0" errors="0" time="0" id="1569" name="/home/samomik/Projects-WSL/vulnerable-app-node-js-express/node_modules/pg/lib/crypto/utils-webcrypto.js" package="utils-webcrypto.js" skipped="0" tests="1" timestamp="2025-09-03T13:41:22.640212998">
    <testcase classname="dependency-check" name="utils-webcrypto.js"/>
  </testsuite>
  <testsuite failures="0" errors="0" time="0" id="1570" name="/home/samomik/Projects-WSL/vulnerable-app-node-js-express/node_modules/@babel/types/lib/definitions/utils.js" package="utils.js" skipped="0" tests="1" timestamp="2025-09-03T13:41:22.640212998">
    <testcase classname="dependency-check" name="utils.js"/>
  </testsuite>
  <testsuite failures="0" errors="0" time="0" id="1571" name="/home/samomik/Projects-WSL/vulnerable-app-node-js-express/node_modules/body-parser/lib/utils.js" package="utils.js" skipped="0" tests="1" timestamp="2025-09-03T13:41:22.640212998">
    <testcase classname="dependency-check" name="utils.js"/>
  </testsuite>
  <testsuite failures="0" errors="0" time="0" id="1572" name="/home/samomik/Projects-WSL/vulnerable-app-node-js-express/node_modules/express/lib/utils.js" package="utils.js" skipped="0" tests="1" timestamp="2025-09-03T13:41:22.640212998">
    <testcase classname="dependency-check" name="utils.js"/>
  </testsuite>
  <testsuite failures="0" errors="0" time="0" id="1573" name="/home/samomik/Projects-WSL/vulnerable-app-node-js-express/node_modules/pg/lib/crypto/utils.js" package="utils.js" skipped="0" tests="1" timestamp="2025-09-03T13:41:22.640212998">
    <testcase classname="dependency-check" name="utils.js"/>
  </testsuite>
  <testsuite failures="0" errors="0" time="0" id="1574" name="/home/samomik/Projects-WSL/vulnerable-app-node-js-express/node_modules/pg/lib/utils.js" package="utils.js" skipped="0" tests="1" timestamp="2025-09-03T13:41:22.640212998">
    <testcase classname="dependency-check" name="utils.js"/>
  </testsuite>
  <testsuite failures="0" errors="0" time="0" id="1575" name="/home/samomik/Projects-WSL/vulnerable-app-node-js-express/node_modules/qs/lib/utils.js" package="utils.js" skipped="0" tests="1" timestamp="2025-09-03T13:41:22.640212998">
    <testcase classname="dependency-check" name="utils.js"/>
  </testsuite>
  <testsuite failures="0" errors="0" time="0" id="1576" name="/home/samomik/Projects-WSL/vulnerable-app-node-js-express/node_modules/qs/test/utils.js" package="utils.js" skipped="0" tests="1" timestamp="2025-09-03T13:41:22.640212998">
    <testcase classname="dependency-check" name="utils.js"/>
  </testsuite>
  <testsuite failures="0" errors="0" time="0" id="1577" name="/home/samomik/Projects-WSL/vulnerable-app-node-js-express/node_modules/@babel/types/lib/validators/validate.js" package="validate.js" skipped="0" tests="1" timestamp="2025-09-03T13:41:22.640212998">
    <testcase classname="dependency-check" name="validate.js"/>
  </testsuite>
  <testsuite failures="0" errors="0" time="0" id="1578" name="/home/samomik/Projects-WSL/vulnerable-app-node-js-express/node_modules/@babel/types/lib/builders/validateNode.js" package="validateNode.js" skipped="0" tests="1" timestamp="2025-09-03T13:41:22.640212998">
    <testcase classname="dependency-check" name="validateNode.js"/>
  </testsuite>
  <testsuite failures="0" errors="0" time="0" id="1579" name="/home/samomik/Projects-WSL/vulnerable-app-node-js-express/node_modules/lodash/fp/value.js" package="value.js" skipped="0" tests="1" timestamp="2025-09-03T13:41:22.640212998">
    <testcase classname="dependency-check" name="value.js"/>
  </testsuite>
  <testsuite failures="0" errors="0" time="0" id="1580" name="/home/samomik/Projects-WSL/vulnerable-app-node-js-express/node_modules/lodash/fp/valueOf.js" package="valueOf.js" skipped="0" tests="1" timestamp="2025-09-03T13:41:22.640212998">
    <testcase classname="dependency-check" name="valueOf.js"/>
  </testsuite>
  <testsuite failures="0" errors="0" time="0" id="1581" name="/home/samomik/Projects-WSL/vulnerable-app-node-js-express/node_modules/@babel/types/lib/converters/valueToNode.js" package="valueToNode.js" skipped="0" tests="1" timestamp="2025-09-03T13:41:22.640212998">
    <testcase classname="dependency-check" name="valueToNode.js"/>
  </testsuite>
  <testsuite failures="0" errors="0" time="0" id="1582" name="/home/samomik/Projects-WSL/vulnerable-app-node-js-express/node_modules/lodash/fp/values.js" package="values.js" skipped="0" tests="1" timestamp="2025-09-03T13:41:22.640212998">
    <testcase classname="dependency-check" name="values.js"/>
  </testsuite>
  <testsuite failures="0" errors="0" time="0" id="1583" name="/home/samomik/Projects-WSL/vulnerable-app-node-js-express/node_modules/lodash/values.js" package="values.js" skipped="0" tests="1" timestamp="2025-09-03T13:41:22.640212998">
    <testcase classname="dependency-check" name="values.js"/>
  </testsuite>
  <testsuite failures="0" errors="0" time="0" id="1584" name="/home/samomik/Projects-WSL/vulnerable-app-node-js-express/node_modules/object-inspect/test/values.js" package="values.js" skipped="0" tests="1" timestamp="2025-09-03T13:41:22.640212998">
    <testcase classname="dependency-check" name="values.js"/>
  </testsuite>
  <testsuite failures="0" errors="0" time="0" id="1585" name="/home/samomik/Projects-WSL/vulnerable-app-node-js-express/node_modules/lodash/fp/valuesIn.js" package="valuesIn.js" skipped="0" tests="1" timestamp="2025-09-03T13:41:22.640212998">
    <testcase classname="dependency-check" name="valuesIn.js"/>
  </testsuite>
  <testsuite failures="0" errors="0" time="0" id="1586" name="/home/samomik/Projects-WSL/vulnerable-app-node-js-express/node_modules/lodash/valuesIn.js" package="valuesIn.js" skipped="0" tests="1" timestamp="2025-09-03T13:41:22.640212998">
    <testcase classname="dependency-check" name="valuesIn.js"/>
  </testsuite>
  <testsuite failures="0" errors="0" time="0" id="1587" name="/home/samomik/Projects-WSL/vulnerable-app-node-js-express/package-lock.json?/vary:1.1.2" package="vary:1.1.2" skipped="0" tests="1" timestamp="2025-09-03T13:41:22.640212998">
    <testcase classname="dependency-check" name="vary:1.1.2"/>
  </testsuite>
  <testsuite failures="0" errors="0" time="0" id="1588" name="/home/samomik/Projects-WSL/vulnerable-app-node-js-express/node_modules/express/lib/view.js" package="view.js" skipped="0" tests="1" timestamp="2025-09-03T13:41:22.640212998">
    <testcase classname="dependency-check" name="view.js"/>
  </testsuite>
  <testsuite failures="0" errors="0" time="0" id="1589" name="/home/samomik/Projects-WSL/vulnerable-app-node-js-express/package-lock.json?/void-elements:3.1.0" package="void-elements:3.1.0" skipped="0" tests="1" timestamp="2025-09-03T13:41:22.640212998">
    <testcase classname="dependency-check" name="void-elements:3.1.0"/>
  </testsuite>
  <testsuite failures="0" errors="0" time="0" id="1590" name="/home/samomik/Projects-WSL/vulnerable-app-node-js-express/package-lock.json?/with:7.0.2" package="with:7.0.2" skipped="0" tests="1" timestamp="2025-09-03T13:41:22.640212998">
    <testcase classname="dependency-check" name="with:7.0.2"/>
  </testsuite>
  <testsuite failures="0" errors="0" time="0" id="1591" name="/home/samomik/Projects-WSL/vulnerable-app-node-js-express/node_modules/lodash/fp/without.js" package="without.js" skipped="0" tests="1" timestamp="2025-09-03T13:41:22.640212998">
    <testcase classname="dependency-check" name="without.js"/>
  </testsuite>
  <testsuite failures="0" errors="0" time="0" id="1592" name="/home/samomik/Projects-WSL/vulnerable-app-node-js-express/node_modules/lodash/without.js" package="without.js" skipped="0" tests="1" timestamp="2025-09-03T13:41:22.640212998">
    <testcase classname="dependency-check" name="without.js"/>
  </testsuite>
  <testsuite failures="0" errors="0" time="0" id="1593" name="/home/samomik/Projects-WSL/vulnerable-app-node-js-express/node_modules/lodash/fp/words.js" package="words.js" skipped="0" tests="1" timestamp="2025-09-03T13:41:22.640212998">
    <testcase classname="dependency-check" name="words.js"/>
  </testsuite>
  <testsuite failures="0" errors="0" time="0" id="1594" name="/home/samomik/Projects-WSL/vulnerable-app-node-js-express/node_modules/lodash/words.js" package="words.js" skipped="0" tests="1" timestamp="2025-09-03T13:41:22.640212998">
    <testcase classname="dependency-check" name="words.js"/>
  </testsuite>
  <testsuite failures="0" errors="0" time="0" id="1595" name="/home/samomik/Projects-WSL/vulnerable-app-node-js-express/node_modules/lodash/fp/wrap.js" package="wrap.js" skipped="0" tests="1" timestamp="2025-09-03T13:41:22.640212998">
    <testcase classname="dependency-check" name="wrap.js"/>
  </testsuite>
  <testsuite failures="0" errors="0" time="0" id="1596" name="/home/samomik/Projects-WSL/vulnerable-app-node-js-express/node_modules/lodash/wrap.js" package="wrap.js" skipped="0" tests="1" timestamp="2025-09-03T13:41:22.640212998">
    <testcase classname="dependency-check" name="wrap.js"/>
  </testsuite>
  <testsuite failures="0" errors="0" time="0" id="1597" name="/home/samomik/Projects-WSL/vulnerable-app-node-js-express/node_modules/pug-runtime/wrap.js" package="wrap.js" skipped="0" tests="1" timestamp="2025-09-03T13:41:22.640212998">
    <testcase classname="dependency-check" name="wrap.js"/>
  </testsuite>
  <testsuite failures="0" errors="0" time="0" id="1598" name="/home/samomik/Projects-WSL/vulnerable-app-node-js-express/node_modules/lodash/fp/wrapperAt.js" package="wrapperAt.js" skipped="0" tests="1" timestamp="2025-09-03T13:41:22.640212998">
    <testcase classname="dependency-check" name="wrapperAt.js"/>
  </testsuite>
  <testsuite failures="0" errors="0" time="0" id="1599" name="/home/samomik/Projects-WSL/vulnerable-app-node-js-express/node_modules/lodash/wrapperAt.js" package="wrapperAt.js" skipped="0" tests="1" timestamp="2025-09-03T13:41:22.640212998">
    <testcase classname="dependency-check" name="wrapperAt.js"/>
  </testsuite>
  <testsuite failures="0" errors="0" time="0" id="1600" name="/home/samomik/Projects-WSL/vulnerable-app-node-js-express/node_modules/lodash/fp/wrapperChain.js" package="wrapperChain.js" skipped="0" tests="1" timestamp="2025-09-03T13:41:22.640212998">
    <testcase classname="dependency-check" name="wrapperChain.js"/>
  </testsuite>
  <testsuite failures="0" errors="0" time="0" id="1601" name="/home/samomik/Projects-WSL/vulnerable-app-node-js-express/node_modules/lodash/wrapperChain.js" package="wrapperChain.js" skipped="0" tests="1" timestamp="2025-09-03T13:41:22.640212998">
    <testcase classname="dependency-check" name="wrapperChain.js"/>
  </testsuite>
  <testsuite failures="0" errors="0" time="0" id="1602" name="/home/samomik/Projects-WSL/vulnerable-app-node-js-express/node_modules/lodash/fp/wrapperLodash.js" package="wrapperLodash.js" skipped="0" tests="1" timestamp="2025-09-03T13:41:22.640212998">
    <testcase classname="dependency-check" name="wrapperLodash.js"/>
  </testsuite>
  <testsuite failures="0" errors="0" time="0" id="1603" name="/home/samomik/Projects-WSL/vulnerable-app-node-js-express/node_modules/lodash/wrapperLodash.js" package="wrapperLodash.js" skipped="0" tests="1" timestamp="2025-09-03T13:41:22.640212998">
    <testcase classname="dependency-check" name="wrapperLodash.js"/>
  </testsuite>
  <testsuite failures="0" errors="0" time="0" id="1604" name="/home/samomik/Projects-WSL/vulnerable-app-node-js-express/node_modules/lodash/fp/wrapperReverse.js" package="wrapperReverse.js" skipped="0" tests="1" timestamp="2025-09-03T13:41:22.640212998">
    <testcase classname="dependency-check" name="wrapperReverse.js"/>
  </testsuite>
  <testsuite failures="0" errors="0" time="0" id="1605" name="/home/samomik/Projects-WSL/vulnerable-app-node-js-express/node_modules/lodash/wrapperReverse.js" package="wrapperReverse.js" skipped="0" tests="1" timestamp="2025-09-03T13:41:22.640212998">
    <testcase classname="dependency-check" name="wrapperReverse.js"/>
  </testsuite>
  <testsuite failures="0" errors="0" time="0" id="1606" name="/home/samomik/Projects-WSL/vulnerable-app-node-js-express/node_modules/lodash/fp/wrapperValue.js" package="wrapperValue.js" skipped="0" tests="1" timestamp="2025-09-03T13:41:22.640212998">
    <testcase classname="dependency-check" name="wrapperValue.js"/>
  </testsuite>
  <testsuite failures="0" errors="0" time="0" id="1607" name="/home/samomik/Projects-WSL/vulnerable-app-node-js-express/node_modules/lodash/wrapperValue.js" package="wrapperValue.js" skipped="0" tests="1" timestamp="2025-09-03T13:41:22.640212998">
    <testcase classname="dependency-check" name="wrapperValue.js"/>
  </testsuite>
  <testsuite failures="0" errors="0" time="0" id="1608" name="/home/samomik/Projects-WSL/vulnerable-app-node-js-express/node_modules/wrappy/wrappy.js" package="wrappy.js" skipped="0" tests="1" timestamp="2025-09-03T13:41:22.640212998">
    <testcase classname="dependency-check" name="wrappy.js"/>
  </testsuite>
  <testsuite failures="0" errors="0" time="0" id="1609" name="/home/samomik/Projects-WSL/vulnerable-app-node-js-express/package-lock.json?/wrappy:1.0.2" package="wrappy:1.0.2" skipped="0" tests="1" timestamp="2025-09-03T13:41:22.640212998">
    <testcase classname="dependency-check" name="wrappy:1.0.2"/>
  </testsuite>
  <testsuite failures="0" errors="0" time="0" id="1610" name="/home/samomik/Projects-WSL/vulnerable-app-node-js-express/node_modules/lodash/fp/xor.js" package="xor.js" skipped="0" tests="1" timestamp="2025-09-03T13:41:22.640212998">
    <testcase classname="dependency-check" name="xor.js"/>
  </testsuite>
  <testsuite failures="0" errors="0" time="0" id="1611" name="/home/samomik/Projects-WSL/vulnerable-app-node-js-express/node_modules/lodash/xor.js" package="xor.js" skipped="0" tests="1" timestamp="2025-09-03T13:41:22.640212998">
    <testcase classname="dependency-check" name="xor.js"/>
  </testsuite>
  <testsuite failures="0" errors="0" time="0" id="1612" name="/home/samomik/Projects-WSL/vulnerable-app-node-js-express/node_modules/lodash/fp/xorBy.js" package="xorBy.js" skipped="0" tests="1" timestamp="2025-09-03T13:41:22.640212998">
    <testcase classname="dependency-check" name="xorBy.js"/>
  </testsuite>
  <testsuite failures="0" errors="0" time="0" id="1613" name="/home/samomik/Projects-WSL/vulnerable-app-node-js-express/node_modules/lodash/xorBy.js" package="xorBy.js" skipped="0" tests="1" timestamp="2025-09-03T13:41:22.640212998">
    <testcase classname="dependency-check" name="xorBy.js"/>
  </testsuite>
  <testsuite failures="0" errors="0" time="0" id="1614" name="/home/samomik/Projects-WSL/vulnerable-app-node-js-express/node_modules/lodash/fp/xorWith.js" package="xorWith.js" skipped="0" tests="1" timestamp="2025-09-03T13:41:22.640212998">
    <testcase classname="dependency-check" name="xorWith.js"/>
  </testsuite>
  <testsuite failures="0" errors="0" time="0" id="1615" name="/home/samomik/Projects-WSL/vulnerable-app-node-js-express/node_modules/lodash/xorWith.js" package="xorWith.js" skipped="0" tests="1" timestamp="2025-09-03T13:41:22.640212998">
    <testcase classname="dependency-check" name="xorWith.js"/>
  </testsuite>
  <testsuite failures="0" errors="0" time="0" id="1616" name="/home/samomik/Projects-WSL/vulnerable-app-node-js-express/package-lock.json?/xtend:4.0.2" package="xtend:4.0.2" skipped="0" tests="1" timestamp="2025-09-03T13:41:22.640212998">
    <testcase classname="dependency-check" name="xtend:4.0.2"/>
  </testsuite>
  <testsuite failures="0" errors="0" time="0" id="1617" name="/home/samomik/Projects-WSL/vulnerable-app-node-js-express/node_modules/lodash/fp/zip.js" package="zip.js" skipped="0" tests="1" timestamp="2025-09-03T13:41:22.640212998">
    <testcase classname="dependency-check" name="zip.js"/>
  </testsuite>
  <testsuite failures="0" errors="0" time="0" id="1618" name="/home/samomik/Projects-WSL/vulnerable-app-node-js-express/node_modules/lodash/zip.js" package="zip.js" skipped="0" tests="1" timestamp="2025-09-03T13:41:22.640212998">
    <testcase classname="dependency-check" name="zip.js"/>
  </testsuite>
  <testsuite failures="0" errors="0" time="0" id="1619" name="/home/samomik/Projects-WSL/vulnerable-app-node-js-express/node_modules/lodash/fp/zipAll.js" package="zipAll.js" skipped="0" tests="1" timestamp="2025-09-03T13:41:22.640212998">
    <testcase classname="dependency-check" name="zipAll.js"/>
  </testsuite>
  <testsuite failures="0" errors="0" time="0" id="1620" name="/home/samomik/Projects-WSL/vulnerable-app-node-js-express/node_modules/lodash/fp/zipObj.js" package="zipObj.js" skipped="0" tests="1" timestamp="2025-09-03T13:41:22.640212998">
    <testcase classname="dependency-check" name="zipObj.js"/>
  </testsuite>
  <testsuite failures="0" errors="0" time="0" id="1621" name="/home/samomik/Projects-WSL/vulnerable-app-node-js-express/node_modules/lodash/fp/zipObject.js" package="zipObject.js" skipped="0" tests="1" timestamp="2025-09-03T13:41:22.640212998">
    <testcase classname="dependency-check" name="zipObject.js"/>
  </testsuite>
  <testsuite failures="0" errors="0" time="0" id="1622" name="/home/samomik/Projects-WSL/vulnerable-app-node-js-express/node_modules/lodash/zipObject.js" package="zipObject.js" skipped="0" tests="1" timestamp="2025-09-03T13:41:22.640212998">
    <testcase classname="dependency-check" name="zipObject.js"/>
  </testsuite>
  <testsuite failures="0" errors="0" time="0" id="1623" name="/home/samomik/Projects-WSL/vulnerable-app-node-js-express/node_modules/lodash/fp/zipObjectDeep.js" package="zipObjectDeep.js" skipped="0" tests="1" timestamp="2025-09-03T13:41:22.640212998">
    <testcase classname="dependency-check" name="zipObjectDeep.js"/>
  </testsuite>
  <testsuite failures="0" errors="0" time="0" id="1624" name="/home/samomik/Projects-WSL/vulnerable-app-node-js-express/node_modules/lodash/zipObjectDeep.js" package="zipObjectDeep.js" skipped="0" tests="1" timestamp="2025-09-03T13:41:22.640212998">
    <testcase classname="dependency-check" name="zipObjectDeep.js"/>
  </testsuite>
  <testsuite failures="0" errors="0" time="0" id="1625" name="/home/samomik/Projects-WSL/vulnerable-app-node-js-express/node_modules/lodash/fp/zipWith.js" package="zipWith.js" skipped="0" tests="1" timestamp="2025-09-03T13:41:22.640212998">
    <testcase classname="dependency-check" name="zipWith.js"/>
  </testsuite>
  <testsuite failures="0" errors="0" time="0" id="1626" name="/home/samomik/Projects-WSL/vulnerable-app-node-js-express/node_modules/lodash/zipWith.js" package="zipWith.js" skipped="0" tests="1" timestamp="2025-09-03T13:41:22.640212998">
    <testcase classname="dependency-check" name="zipWith.js"/>
  </testsuite>
</testsuites>
